#! /c/Source/iverilog-install/bin/vvp
:ivl_version "12.0 (devel)" "(s20150603-1539-g2693dd32b)";
:ivl_delay_selection "TYPICAL";
:vpi_time_precision - 12;
:vpi_module "C:\iverilog\lib\ivl\system.vpi";
:vpi_module "C:\iverilog\lib\ivl\vhdl_sys.vpi";
:vpi_module "C:\iverilog\lib\ivl\vhdl_textio.vpi";
:vpi_module "C:\iverilog\lib\ivl\v2005_math.vpi";
:vpi_module "C:\iverilog\lib\ivl\va_math.vpi";
S_0000026f82c691e0 .scope module, "alu_tb" "alu_tb" 2 3;
 .timescale -9 -12;
v0000026f82cd60e0_0 .var "alu_control", 3 0;
v0000026f82cd62c0_0 .var "input1", 31 0;
v0000026f82cd6400_0 .var "input2", 31 0;
v0000026f82cd6ea0_0 .net "result", 31 0, v0000026f82c64950_0;  1 drivers
v0000026f82cd69a0_0 .net "zero", 0 0, L_0000026f82cd6e00;  1 drivers
S_0000026f82c69370 .scope module, "uut" "alu" 2 14, 3 1 0, S_0000026f82c691e0;
 .timescale -9 -12;
    .port_info 0 /INPUT 32 "input1";
    .port_info 1 /INPUT 32 "input2";
    .port_info 2 /INPUT 4 "alu_control";
    .port_info 3 /OUTPUT 32 "result";
    .port_info 4 /OUTPUT 1 "zero";
    .port_info 5 /OUTPUT 1 "fp_compare_result";
L_0000026f82d20088 .functor BUFT 1, C4<00000000000000000000000000000000>, C4<0>, C4<0>, C4<0>;
v0000026f82c333f0_0 .net/2u *"_ivl_0", 31 0, L_0000026f82d20088;  1 drivers
v0000026f82c32f30_0 .net "alu_control", 3 0, v0000026f82cd60e0_0;  1 drivers
v0000026f82c1bf10_0 .var "exp1", 7 0;
v0000026f82c5f420_0 .var "exp2", 7 0;
v0000026f82c5f4c0_0 .var "exp_diff", 7 0;
v0000026f82c5f560_0 .var "exp_result", 7 0;
v0000026f82c5f600_0 .var "fp_compare_result", 0 0;
v0000026f82c5f6a0_0 .net "input1", 31 0, v0000026f82cd62c0_0;  1 drivers
v0000026f82c5f740_0 .net "input2", 31 0, v0000026f82cd6400_0;  1 drivers
v0000026f82c5f7e0_0 .var "mant1", 23 0;
v0000026f82c5f880_0 .var "mant2", 23 0;
v0000026f82c5f920_0 .var "mant_product", 47 0;
v0000026f82c648b0_0 .var "mant_sum", 24 0;
v0000026f82c64950_0 .var "result", 31 0;
v0000026f82c649f0_0 .var "sign1", 0 0;
v0000026f82cd6180_0 .var "sign2", 0 0;
v0000026f82cd6360_0 .var "sign_result", 0 0;
v0000026f82cd6a40_0 .net "zero", 0 0, L_0000026f82cd6e00;  alias, 1 drivers
E_0000026f82c5acf0/0 .event anyedge, v0000026f82c32f30_0, v0000026f82c5f6a0_0, v0000026f82c5f740_0, v0000026f82c649f0_0;
E_0000026f82c5acf0/1 .event anyedge, v0000026f82cd6180_0, v0000026f82c1bf10_0, v0000026f82c5f420_0, v0000026f82c5f7e0_0;
E_0000026f82c5acf0/2 .event anyedge, v0000026f82c5f880_0, v0000026f82c5f920_0, v0000026f82c5f560_0, v0000026f82cd6360_0;
E_0000026f82c5acf0/3 .event anyedge, v0000026f82c5f4c0_0, v0000026f82c648b0_0;
E_0000026f82c5acf0 .event/or E_0000026f82c5acf0/0, E_0000026f82c5acf0/1, E_0000026f82c5acf0/2, E_0000026f82c5acf0/3;
L_0000026f82cd6e00 .cmp/eq 32, v0000026f82c64950_0, L_0000026f82d20088;
    .scope S_0000026f82c69370;
T_0 ;
    %wait E_0000026f82c5acf0;
    %load/vec4 v0000026f82c32f30_0;
    %parti/s 2, 2, 3;
    %cmpi/e 3, 0, 2;
    %jmp/0xz  T_0.0, 4;
    %load/vec4 v0000026f82c5f6a0_0;
    %parti/s 1, 31, 6;
    %store/vec4 v0000026f82c649f0_0, 0, 1;
    %load/vec4 v0000026f82c5f740_0;
    %parti/s 1, 31, 6;
    %store/vec4 v0000026f82cd6180_0, 0, 1;
    %load/vec4 v0000026f82c5f6a0_0;
    %parti/s 8, 23, 6;
    %store/vec4 v0000026f82c1bf10_0, 0, 8;
    %load/vec4 v0000026f82c5f740_0;
    %parti/s 8, 23, 6;
    %store/vec4 v0000026f82c5f420_0, 0, 8;
    %pushi/vec4 1, 0, 1;
    %load/vec4 v0000026f82c5f6a0_0;
    %parti/s 23, 0, 2;
    %concat/vec4; draw_concat_vec4
    %store/vec4 v0000026f82c5f7e0_0, 0, 24;
    %pushi/vec4 1, 0, 1;
    %load/vec4 v0000026f82c5f740_0;
    %parti/s 23, 0, 2;
    %concat/vec4; draw_concat_vec4
    %store/vec4 v0000026f82c5f880_0, 0, 24;
T_0.0 ;
    %load/vec4 v0000026f82c32f30_0;
    %dup/vec4;
    %pushi/vec4 0, 0, 4;
    %cmp/u;
    %jmp/1 T_0.2, 6;
    %dup/vec4;
    %pushi/vec4 1, 0, 4;
    %cmp/u;
    %jmp/1 T_0.3, 6;
    %dup/vec4;
    %pushi/vec4 2, 0, 4;
    %cmp/u;
    %jmp/1 T_0.4, 6;
    %dup/vec4;
    %pushi/vec4 6, 0, 4;
    %cmp/u;
    %jmp/1 T_0.5, 6;
    %dup/vec4;
    %pushi/vec4 7, 0, 4;
    %cmp/u;
    %jmp/1 T_0.6, 6;
    %dup/vec4;
    %pushi/vec4 8, 0, 4;
    %cmp/u;
    %jmp/1 T_0.7, 6;
    %dup/vec4;
    %pushi/vec4 9, 0, 4;
    %cmp/u;
    %jmp/1 T_0.8, 6;
    %dup/vec4;
    %pushi/vec4 10, 0, 4;
    %cmp/u;
    %jmp/1 T_0.9, 6;
    %dup/vec4;
    %pushi/vec4 11, 0, 4;
    %cmp/u;
    %jmp/1 T_0.10, 6;
    %dup/vec4;
    %pushi/vec4 12, 0, 4;
    %cmp/u;
    %jmp/1 T_0.11, 6;
    %dup/vec4;
    %pushi/vec4 13, 0, 4;
    %cmp/u;
    %jmp/1 T_0.12, 6;
    %dup/vec4;
    %pushi/vec4 14, 0, 4;
    %cmp/u;
    %jmp/1 T_0.13, 6;
    %dup/vec4;
    %pushi/vec4 15, 0, 4;
    %cmp/u;
    %jmp/1 T_0.14, 6;
    %pushi/vec4 0, 0, 32;
    %store/vec4 v0000026f82c64950_0, 0, 32;
    %jmp T_0.16;
T_0.2 ;
    %load/vec4 v0000026f82c5f6a0_0;
    %load/vec4 v0000026f82c5f740_0;
    %and;
    %store/vec4 v0000026f82c64950_0, 0, 32;
    %jmp T_0.16;
T_0.3 ;
    %load/vec4 v0000026f82c5f6a0_0;
    %load/vec4 v0000026f82c5f740_0;
    %or;
    %store/vec4 v0000026f82c64950_0, 0, 32;
    %jmp T_0.16;
T_0.4 ;
    %load/vec4 v0000026f82c5f6a0_0;
    %load/vec4 v0000026f82c5f740_0;
    %add;
    %store/vec4 v0000026f82c64950_0, 0, 32;
    %jmp T_0.16;
T_0.5 ;
    %load/vec4 v0000026f82c5f6a0_0;
    %load/vec4 v0000026f82c5f740_0;
    %sub;
    %store/vec4 v0000026f82c64950_0, 0, 32;
    %jmp T_0.16;
T_0.6 ;
    %load/vec4 v0000026f82c5f6a0_0;
    %load/vec4 v0000026f82c5f740_0;
    %cmp/u;
    %flag_mov 8, 5;
    %jmp/0 T_0.17, 8;
    %pushi/vec4 1, 0, 32;
    %jmp/1 T_0.18, 8;
T_0.17 ; End of true expr.
    %pushi/vec4 0, 0, 32;
    %jmp/0 T_0.18, 8;
 ; End of false expr.
    %blend;
T_0.18;
    %store/vec4 v0000026f82c64950_0, 0, 32;
    %jmp T_0.16;
T_0.7 ;
    %load/vec4 v0000026f82c5f6a0_0;
    %load/vec4 v0000026f82c5f740_0;
    %parti/s 5, 0, 2;
    %ix/vec4 4;
    %shiftl 4;
    %store/vec4 v0000026f82c64950_0, 0, 32;
    %jmp T_0.16;
T_0.8 ;
    %load/vec4 v0000026f82c5f6a0_0;
    %load/vec4 v0000026f82c5f740_0;
    %parti/s 5, 0, 2;
    %ix/vec4 4;
    %shiftr 4;
    %store/vec4 v0000026f82c64950_0, 0, 32;
    %jmp T_0.16;
T_0.9 ;
    %load/vec4 v0000026f82c5f6a0_0;
    %load/vec4 v0000026f82c5f740_0;
    %xor;
    %store/vec4 v0000026f82c64950_0, 0, 32;
    %jmp T_0.16;
T_0.10 ;
    %load/vec4 v0000026f82c5f6a0_0;
    %load/vec4 v0000026f82c5f740_0;
    %or;
    %inv;
    %store/vec4 v0000026f82c64950_0, 0, 32;
    %jmp T_0.16;
T_0.11 ;
    %load/vec4 v0000026f82c649f0_0;
    %load/vec4 v0000026f82cd6180_0;
    %xor;
    %store/vec4 v0000026f82cd6360_0, 0, 1;
    %load/vec4 v0000026f82c1bf10_0;
    %load/vec4 v0000026f82c5f420_0;
    %add;
    %subi 127, 0, 8;
    %store/vec4 v0000026f82c5f560_0, 0, 8;
    %load/vec4 v0000026f82c5f7e0_0;
    %pad/u 48;
    %load/vec4 v0000026f82c5f880_0;
    %pad/u 48;
    %mul;
    %store/vec4 v0000026f82c5f920_0, 0, 48;
    %load/vec4 v0000026f82c5f920_0;
    %parti/s 1, 47, 7;
    %flag_set/vec4 8;
    %jmp/0xz  T_0.19, 8;
    %load/vec4 v0000026f82c5f920_0;
    %ix/load 4, 1, 0;
    %flag_set/imm 4, 0;
    %shiftr 4;
    %store/vec4 v0000026f82c5f920_0, 0, 48;
    %load/vec4 v0000026f82c5f560_0;
    %addi 1, 0, 8;
    %store/vec4 v0000026f82c5f560_0, 0, 8;
T_0.19 ;
    %load/vec4 v0000026f82cd6360_0;
    %load/vec4 v0000026f82c5f560_0;
    %concat/vec4; draw_concat_vec4
    %load/vec4 v0000026f82c5f920_0;
    %parti/s 23, 24, 6;
    %concat/vec4; draw_concat_vec4
    %store/vec4 v0000026f82c64950_0, 0, 32;
    %jmp T_0.16;
T_0.12 ;
    %load/vec4 v0000026f82c5f420_0;
    %load/vec4 v0000026f82c1bf10_0;
    %cmp/u;
    %jmp/0xz  T_0.21, 5;
    %load/vec4 v0000026f82c1bf10_0;
    %load/vec4 v0000026f82c5f420_0;
    %sub;
    %store/vec4 v0000026f82c5f4c0_0, 0, 8;
    %load/vec4 v0000026f82c5f880_0;
    %ix/getv 4, v0000026f82c5f4c0_0;
    %shiftr 4;
    %store/vec4 v0000026f82c5f880_0, 0, 24;
    %load/vec4 v0000026f82c1bf10_0;
    %store/vec4 v0000026f82c5f560_0, 0, 8;
    %load/vec4 v0000026f82c649f0_0;
    %store/vec4 v0000026f82cd6360_0, 0, 1;
    %jmp T_0.22;
T_0.21 ;
    %load/vec4 v0000026f82c5f420_0;
    %load/vec4 v0000026f82c1bf10_0;
    %sub;
    %store/vec4 v0000026f82c5f4c0_0, 0, 8;
    %load/vec4 v0000026f82c5f7e0_0;
    %ix/getv 4, v0000026f82c5f4c0_0;
    %shiftr 4;
    %store/vec4 v0000026f82c5f7e0_0, 0, 24;
    %load/vec4 v0000026f82c5f420_0;
    %store/vec4 v0000026f82c5f560_0, 0, 8;
    %load/vec4 v0000026f82cd6180_0;
    %store/vec4 v0000026f82cd6360_0, 0, 1;
T_0.22 ;
    %load/vec4 v0000026f82c649f0_0;
    %load/vec4 v0000026f82cd6180_0;
    %cmp/e;
    %jmp/0xz  T_0.23, 4;
    %load/vec4 v0000026f82c5f7e0_0;
    %pad/u 25;
    %load/vec4 v0000026f82c5f880_0;
    %pad/u 25;
    %add;
    %store/vec4 v0000026f82c648b0_0, 0, 25;
    %jmp T_0.24;
T_0.23 ;
    %load/vec4 v0000026f82c5f880_0;
    %load/vec4 v0000026f82c5f7e0_0;
    %cmp/u;
    %flag_or 5, 4;
    %jmp/0xz  T_0.25, 5;
    %load/vec4 v0000026f82c5f7e0_0;
    %pad/u 25;
    %load/vec4 v0000026f82c5f880_0;
    %pad/u 25;
    %sub;
    %store/vec4 v0000026f82c648b0_0, 0, 25;
    %load/vec4 v0000026f82c649f0_0;
    %store/vec4 v0000026f82cd6360_0, 0, 1;
    %jmp T_0.26;
T_0.25 ;
    %load/vec4 v0000026f82c5f880_0;
    %pad/u 25;
    %load/vec4 v0000026f82c5f7e0_0;
    %pad/u 25;
    %sub;
    %store/vec4 v0000026f82c648b0_0, 0, 25;
    %load/vec4 v0000026f82cd6180_0;
    %store/vec4 v0000026f82cd6360_0, 0, 1;
T_0.26 ;
T_0.24 ;
    %load/vec4 v0000026f82c648b0_0;
    %parti/s 1, 24, 6;
    %flag_set/vec4 8;
    %jmp/0xz  T_0.27, 8;
    %load/vec4 v0000026f82c648b0_0;
    %ix/load 4, 1, 0;
    %flag_set/imm 4, 0;
    %shiftr 4;
    %store/vec4 v0000026f82c648b0_0, 0, 25;
    %load/vec4 v0000026f82c5f560_0;
    %addi 1, 0, 8;
    %store/vec4 v0000026f82c5f560_0, 0, 8;
    %jmp T_0.28;
T_0.27 ;
T_0.29 ;
    %load/vec4 v0000026f82c648b0_0;
    %parti/s 1, 23, 6;
    %pad/u 32;
    %cmpi/e 0, 0, 32;
    %flag_get/vec4 4;
    %jmp/0 T_0.32, 4;
    %pushi/vec4 0, 0, 32;
    %load/vec4 v0000026f82c5f560_0;
    %pad/u 32;
    %cmp/u;
    %flag_get/vec4 5;
    %and;
T_0.32;
    %flag_set/vec4 9;
    %flag_get/vec4 9;
    %jmp/0 T_0.31, 9;
    %load/vec4 v0000026f82c648b0_0;
    %pad/u 32;
    %pushi/vec4 0, 0, 32;
    %cmp/ne;
    %flag_get/vec4 4;
    %and;
T_0.31;
    %flag_set/vec4 8;
    %jmp/0xz T_0.30, 8;
    %load/vec4 v0000026f82c648b0_0;
    %ix/load 4, 1, 0;
    %flag_set/imm 4, 0;
    %shiftl 4;
    %store/vec4 v0000026f82c648b0_0, 0, 25;
    %load/vec4 v0000026f82c5f560_0;
    %subi 1, 0, 8;
    %store/vec4 v0000026f82c5f560_0, 0, 8;
    %jmp T_0.29;
T_0.30 ;
T_0.28 ;
    %load/vec4 v0000026f82cd6360_0;
    %load/vec4 v0000026f82c5f560_0;
    %concat/vec4; draw_concat_vec4
    %load/vec4 v0000026f82c648b0_0;
    %parti/s 23, 0, 2;
    %concat/vec4; draw_concat_vec4
    %store/vec4 v0000026f82c64950_0, 0, 32;
    %jmp T_0.16;
T_0.13 ;
    %load/vec4 v0000026f82c5f6a0_0;
    %load/vec4 v0000026f82c5f740_0;
    %cmp/e;
    %flag_get/vec4 4;
    %store/vec4 v0000026f82c5f600_0, 0, 1;
    %pushi/vec4 0, 0, 32;
    %store/vec4 v0000026f82c64950_0, 0, 32;
    %jmp T_0.16;
T_0.14 ;
    %load/vec4 v0000026f82c649f0_0;
    %flag_set/vec4 9;
    %flag_get/vec4 9;
    %jmp/0 T_0.35, 9;
    %load/vec4 v0000026f82cd6180_0;
    %nor/r;
    %and;
T_0.35;
    %flag_set/vec4 8;
    %jmp/0xz  T_0.33, 8;
    %pushi/vec4 1, 0, 1;
    %store/vec4 v0000026f82c5f600_0, 0, 1;
    %jmp T_0.34;
T_0.33 ;
    %load/vec4 v0000026f82c649f0_0;
    %nor/r;
    %flag_set/vec4 9;
    %flag_get/vec4 9;
    %jmp/0 T_0.38, 9;
    %load/vec4 v0000026f82cd6180_0;
    %and;
T_0.38;
    %flag_set/vec4 8;
    %jmp/0xz  T_0.36, 8;
    %pushi/vec4 0, 0, 1;
    %store/vec4 v0000026f82c5f600_0, 0, 1;
    %jmp T_0.37;
T_0.36 ;
    %load/vec4 v0000026f82c649f0_0;
    %nor/r;
    %flag_set/vec4 9;
    %flag_get/vec4 9;
    %jmp/0 T_0.41, 9;
    %load/vec4 v0000026f82cd6180_0;
    %nor/r;
    %and;
T_0.41;
    %flag_set/vec4 8;
    %jmp/0xz  T_0.39, 8;
    %load/vec4 v0000026f82c1bf10_0;
    %load/vec4 v0000026f82c5f420_0;
    %cmp/u;
    %flag_get/vec4 5;
    %jmp/1 T_0.42, 5;
    %load/vec4 v0000026f82c1bf10_0;
    %load/vec4 v0000026f82c5f420_0;
    %cmp/e;
    %flag_get/vec4 4;
    %jmp/0 T_0.43, 4;
    %load/vec4 v0000026f82c5f7e0_0;
    %load/vec4 v0000026f82c5f880_0;
    %cmp/u;
    %flag_get/vec4 5;
    %and;
T_0.43;
    %or;
T_0.42;
    %store/vec4 v0000026f82c5f600_0, 0, 1;
    %jmp T_0.40;
T_0.39 ;
    %load/vec4 v0000026f82c5f420_0;
    %load/vec4 v0000026f82c1bf10_0;
    %cmp/u;
    %flag_get/vec4 5;
    %jmp/1 T_0.44, 5;
    %load/vec4 v0000026f82c1bf10_0;
    %load/vec4 v0000026f82c5f420_0;
    %cmp/e;
    %flag_get/vec4 4;
    %jmp/0 T_0.45, 4;
    %load/vec4 v0000026f82c5f880_0;
    %load/vec4 v0000026f82c5f7e0_0;
    %cmp/u;
    %flag_get/vec4 5;
    %and;
T_0.45;
    %or;
T_0.44;
    %store/vec4 v0000026f82c5f600_0, 0, 1;
T_0.40 ;
T_0.37 ;
T_0.34 ;
    %pushi/vec4 0, 0, 32;
    %store/vec4 v0000026f82c64950_0, 0, 32;
    %jmp T_0.16;
T_0.16 ;
    %pop/vec4 1;
    %jmp T_0;
    .thread T_0, $push;
    .scope S_0000026f82c691e0;
T_1 ;
    %pushi/vec4 10, 0, 32;
    %store/vec4 v0000026f82cd62c0_0, 0, 32;
    %pushi/vec4 15, 0, 32;
    %store/vec4 v0000026f82cd6400_0, 0, 32;
    %pushi/vec4 2, 0, 4;
    %store/vec4 v0000026f82cd60e0_0, 0, 4;
    %delay 10000, 0;
    %vpi_call 2 28 "$display", "Test 1: input1=%d, input2=%d, result=%d, zero=%b", v0000026f82cd62c0_0, v0000026f82cd6400_0, v0000026f82cd6ea0_0, v0000026f82cd69a0_0 {0 0 0};
    %pushi/vec4 20, 0, 32;
    %store/vec4 v0000026f82cd62c0_0, 0, 32;
    %pushi/vec4 4294967291, 0, 32;
    %store/vec4 v0000026f82cd6400_0, 0, 32;
    %pushi/vec4 2, 0, 4;
    %store/vec4 v0000026f82cd60e0_0, 0, 4;
    %delay 10000, 0;
    %vpi_call 2 35 "$display", "Test 2: input1=%d, input2=%d, result=%d, zero=%b", v0000026f82cd62c0_0, v0000026f82cd6400_0, v0000026f82cd6ea0_0, v0000026f82cd69a0_0 {0 0 0};
    %pushi/vec4 4294967288, 0, 32;
    %store/vec4 v0000026f82cd62c0_0, 0, 32;
    %pushi/vec4 4294967284, 0, 32;
    %store/vec4 v0000026f82cd6400_0, 0, 32;
    %pushi/vec4 2, 0, 4;
    %store/vec4 v0000026f82cd60e0_0, 0, 4;
    %delay 10000, 0;
    %vpi_call 2 42 "$display", "Test 3: input1=%d, input2=%d, result=%d, zero=%b", v0000026f82cd62c0_0, v0000026f82cd6400_0, v0000026f82cd6ea0_0, v0000026f82cd69a0_0 {0 0 0};
    %pushi/vec4 25, 0, 32;
    %store/vec4 v0000026f82cd62c0_0, 0, 32;
    %pushi/vec4 0, 0, 32;
    %store/vec4 v0000026f82cd6400_0, 0, 32;
    %pushi/vec4 2, 0, 4;
    %store/vec4 v0000026f82cd60e0_0, 0, 4;
    %delay 10000, 0;
    %vpi_call 2 49 "$display", "Test 4: input1=%d, input2=%d, result=%d, zero=%b", v0000026f82cd62c0_0, v0000026f82cd6400_0, v0000026f82cd6ea0_0, v0000026f82cd69a0_0 {0 0 0};
    %pushi/vec4 50, 0, 32;
    %store/vec4 v0000026f82cd62c0_0, 0, 32;
    %pushi/vec4 4294967246, 0, 32;
    %store/vec4 v0000026f82cd6400_0, 0, 32;
    %pushi/vec4 2, 0, 4;
    %store/vec4 v0000026f82cd60e0_0, 0, 4;
    %delay 10000, 0;
    %vpi_call 2 56 "$display", "Test 5: input1=%d, input2=%d, result=%d, zero=%b", v0000026f82cd62c0_0, v0000026f82cd6400_0, v0000026f82cd6ea0_0, v0000026f82cd69a0_0 {0 0 0};
    %vpi_call 2 58 "$stop" {0 0 0};
    %end;
    .thread T_1;
# The file index is used to find the file name in the following table.
:file_names 4;
    "N/A";
    "<interactive>";
    "alu_tb.v";
    "alu.v";
