#! /c/Source/iverilog-install/bin/vvp
:ivl_version "12.0 (devel)" "(s20150603-1539-g2693dd32b)";
:ivl_delay_selection "TYPICAL";
:vpi_time_precision - 12;
:vpi_module "C:\iverilog\lib\ivl\system.vpi";
:vpi_module "C:\iverilog\lib\ivl\vhdl_sys.vpi";
:vpi_module "C:\iverilog\lib\ivl\vhdl_textio.vpi";
:vpi_module "C:\iverilog\lib\ivl\v2005_math.vpi";
:vpi_module "C:\iverilog\lib\ivl\va_math.vpi";
S_000001fefcebc890 .scope module, "insertion_sort_tb" "insertion_sort_tb" 2 3;
 .timescale -9 -12;
v000001fefcf1f880_0 .var "clk", 0 0;
v000001fefcf1fec0_0 .var "reset", 0 0;
S_000001fefcebcbb0 .scope module, "uut" "iitk_mini_mips" 2 9, 3 2 0, S_000001fefcebc890;
 .timescale -9 -12;
    .port_info 0 /INPUT 1 "clk";
    .port_info 1 /INPUT 1 "reset";
L_000001fefce84520 .functor AND 1, L_000001fefcf1e7a0, L_000001fefcf1f1a0, C4<1>, C4<1>;
L_000001fefce84210 .functor AND 1, L_000001fefcf1e840, L_000001fefcf1e3e0, C4<1>, C4<1>;
L_000001fefce847c0 .functor OR 1, L_000001fefce84520, L_000001fefce84210, C4<0>, C4<0>;
L_000001fefce84910 .functor AND 1, L_000001fefcf1f420, L_000001fefcf1e2a0, C4<1>, C4<1>;
L_000001fefce84980 .functor OR 1, L_000001fefce847c0, L_000001fefce84910, C4<0>, C4<0>;
L_000001fefce84b40 .functor AND 1, L_000001fefcf78e10, L_000001fefcf1f240, C4<1>, C4<1>;
L_000001fefcebaf50 .functor OR 1, L_000001fefce84980, L_000001fefce84b40, C4<0>, C4<0>;
L_000001fefcebb650 .functor AND 1, v000001fefcecd790_0, L_000001fefcebaf50, C4<1>, C4<1>;
L_000001fefcf20128 .functor BUFT 1, C4<00000000000000000000000000000000>, C4<0>, C4<0>, C4<0>;
v000001fefcf1df50_0 .net/2u *"_ivl_0", 31 0, L_000001fefcf20128;  1 drivers
v000001fefcf1d690_0 .net *"_ivl_101", 25 0, L_000001fefcf78910;  1 drivers
L_000001fefcf205a8 .functor BUFT 1, C4<00>, C4<0>, C4<0>, C4<0>;
v000001fefcf1de10_0 .net/2u *"_ivl_102", 1 0, L_000001fefcf205a8;  1 drivers
v000001fefcf1c8d0_0 .net *"_ivl_104", 31 0, L_000001fefcf789b0;  1 drivers
L_000001fefcf205f0 .functor BUFT 1, C4<00000000000000000000000000000100>, C4<0>, C4<0>, C4<0>;
v000001fefcf1cbf0_0 .net/2u *"_ivl_106", 31 0, L_000001fefcf205f0;  1 drivers
v000001fefcf1d5f0_0 .net *"_ivl_108", 31 0, L_000001fefcf7a7e0;  1 drivers
v000001fefcf1c150_0 .net *"_ivl_110", 31 0, L_000001fefcf7b000;  1 drivers
v000001fefcf1d9b0_0 .net *"_ivl_112", 29 0, L_000001fefcf7b500;  1 drivers
L_000001fefcf20638 .functor BUFT 1, C4<00>, C4<0>, C4<0>, C4<0>;
v000001fefcf1c510_0 .net *"_ivl_114", 1 0, L_000001fefcf20638;  1 drivers
v000001fefcf1d550_0 .net *"_ivl_116", 31 0, L_000001fefcf7aba0;  1 drivers
L_000001fefcf20680 .functor BUFT 1, C4<00000000000000000000000000000100>, C4<0>, C4<0>, C4<0>;
v000001fefcf1c650_0 .net/2u *"_ivl_118", 31 0, L_000001fefcf20680;  1 drivers
v000001fefcf1da50_0 .net *"_ivl_120", 31 0, L_000001fefcf7bfa0;  1 drivers
v000001fefcf1c830_0 .net *"_ivl_122", 31 0, L_000001fefcf7b6e0;  1 drivers
v000001fefcf1dff0_0 .net *"_ivl_13", 5 0, L_000001fefcf1e660;  1 drivers
L_000001fefcf201b8 .functor BUFT 1, C4<000100>, C4<0>, C4<0>, C4<0>;
v000001fefcf1c970_0 .net/2u *"_ivl_14", 5 0, L_000001fefcf201b8;  1 drivers
v000001fefcf1daf0_0 .net *"_ivl_16", 0 0, L_000001fefcf1e7a0;  1 drivers
v000001fefcf1ca10_0 .net *"_ivl_19", 0 0, L_000001fefce84520;  1 drivers
v000001fefcf1c3d0_0 .net *"_ivl_21", 5 0, L_000001fefcf1f560;  1 drivers
L_000001fefcf20200 .functor BUFT 1, C4<000101>, C4<0>, C4<0>, C4<0>;
v000001fefcf1cab0_0 .net/2u *"_ivl_22", 5 0, L_000001fefcf20200;  1 drivers
v000001fefcf1c5b0_0 .net *"_ivl_24", 0 0, L_000001fefcf1e840;  1 drivers
v000001fefcf1d730_0 .net *"_ivl_27", 0 0, L_000001fefce84210;  1 drivers
v000001fefcf1db90_0 .net *"_ivl_29", 0 0, L_000001fefce847c0;  1 drivers
v000001fefcf1cb50_0 .net *"_ivl_31", 5 0, L_000001fefcf1f2e0;  1 drivers
L_000001fefcf20248 .functor BUFT 1, C4<000111>, C4<0>, C4<0>, C4<0>;
v000001fefcf1c1f0_0 .net/2u *"_ivl_32", 5 0, L_000001fefcf20248;  1 drivers
v000001fefcf1dc30_0 .net *"_ivl_34", 0 0, L_000001fefcf1f420;  1 drivers
v000001fefcf1cc90_0 .net *"_ivl_37", 0 0, L_000001fefce84910;  1 drivers
v000001fefcf1d410_0 .net *"_ivl_39", 0 0, L_000001fefce84980;  1 drivers
v000001fefcf1dcd0_0 .net *"_ivl_41", 5 0, L_000001fefcf1f4c0;  1 drivers
L_000001fefcf20290 .functor BUFT 1, C4<000110>, C4<0>, C4<0>, C4<0>;
v000001fefcf1c290_0 .net/2u *"_ivl_42", 5 0, L_000001fefcf20290;  1 drivers
v000001fefcf1cdd0_0 .net *"_ivl_44", 0 0, L_000001fefcf78e10;  1 drivers
v000001fefcf1dd70_0 .net *"_ivl_47", 0 0, L_000001fefce84b40;  1 drivers
v000001fefcf1d370_0 .net *"_ivl_49", 0 0, L_000001fefcebaf50;  1 drivers
v000001fefcf1ce70_0 .net *"_ivl_60", 31 0, L_000001fefcf78af0;  1 drivers
v000001fefcf1deb0_0 .net *"_ivl_70", 31 0, L_000001fefcf784b0;  1 drivers
L_000001fefcf20170 .functor BUFT 1, C4<00000000000000000000000000000000>, C4<0>, C4<0>, C4<0>;
v000001fefcf1c6f0_0 .net/2u *"_ivl_8", 31 0, L_000001fefcf20170;  1 drivers
v000001fefcf1c790_0 .net *"_ivl_80", 31 0, L_000001fefcf791d0;  1 drivers
v000001fefcf1cf10_0 .net *"_ivl_85", 0 0, L_000001fefcf78b90;  1 drivers
v000001fefcf1d050_0 .net *"_ivl_86", 15 0, L_000001fefcf79770;  1 drivers
v000001fefcf1c330_0 .net *"_ivl_89", 15 0, L_000001fefcf79b30;  1 drivers
v000001fefcf1c470_0 .net *"_ivl_93", 4 0, L_000001fefcf79810;  1 drivers
v000001fefcf1cfb0_0 .net *"_ivl_95", 4 0, L_000001fefcf78cd0;  1 drivers
v000001fefcf1d4b0_0 .net *"_ivl_99", 3 0, L_000001fefcf79950;  1 drivers
v000001fefcf1d190_0 .net "alu_control", 3 0, v000001fefce95ba0_0;  1 drivers
v000001fefcf1d230_0 .net "alu_hi", 31 0, v000001fefce87d70_0;  1 drivers
v000001fefcf1d2d0_0 .net "alu_lo", 31 0, v000001fefcece730_0;  1 drivers
v000001fefcf1d7d0_0 .net "alu_op", 1 0, v000001fefceccf70_0;  1 drivers
v000001fefcf1efc0_0 .net "alu_result", 31 0, v000001fefcece410_0;  1 drivers
v000001fefcf1fc40_0 .net "alu_src", 0 0, v000001fefcecd8d0_0;  1 drivers
v000001fefcf1e200_0 .net "beq_condition", 0 0, L_000001fefcf1f1a0;  1 drivers
v000001fefcf1fb00_0 .net "bgtz_condition", 0 0, L_000001fefcf1e2a0;  1 drivers
v000001fefcf1ed40_0 .net "blez_condition", 0 0, L_000001fefcf1f240;  1 drivers
v000001fefcf1ff60_0 .net "bne_condition", 0 0, L_000001fefcf1e3e0;  1 drivers
v000001fefcf1e980_0 .net "branch", 0 0, v000001fefcecd790_0;  1 drivers
v000001fefcf1fba0_0 .net "branch_taken", 0 0, L_000001fefcebb650;  1 drivers
v000001fefcf1fce0_0 .net "clk", 0 0, v000001fefcf1f880_0;  1 drivers
v000001fefcf1ede0_0 .net "fp_compare_result", 0 0, v000001fefce968c0_0;  1 drivers
v000001fefcf1f9c0_0 .net "fp_operation", 0 0, v000001fefcece9b0_0;  1 drivers
v000001fefcf1ec00_0 .net "fp_read_data1", 31 0, L_000001fefcebaee0;  1 drivers
v000001fefcf1e340_0 .net "fp_read_data2", 31 0, L_000001fefcebaa10;  1 drivers
v000001fefcf1eb60_0 .net "fp_reg_read", 0 0, v000001fefcecde70_0;  1 drivers
v000001fefcf1e8e0_0 .net "fp_reg_write", 0 0, v000001fefcecd6f0_0;  1 drivers
v000001fefcf1f600_0 .net "hi", 31 0, v000001fefcf1bcc0_0;  1 drivers
v000001fefcf1e160_0 .net "hi_write", 0 0, v000001fefcecdb50_0;  1 drivers
v000001fefcf1fd80_0 .net "instruction", 31 0, L_000001fefcebae70;  1 drivers
v000001fefcf1e700_0 .net "jump", 0 0, v000001fefcecd290_0;  1 drivers
v000001fefcf1f920_0 .net "lo", 31 0, v000001fefcf1afa0_0;  1 drivers
v000001fefcf1f060_0 .net "lo_write", 0 0, v000001fefcece870_0;  1 drivers
v000001fefcf1ee80_0 .net "mem_data", 31 0, L_000001fefcf78190;  1 drivers
v000001fefcf1f100_0 .net "mem_read", 0 0, v000001fefcecd0b0_0;  1 drivers
v000001fefcf1fe20_0 .net "mem_to_reg", 0 0, v000001fefcececd0_0;  1 drivers
v000001fefcf1e5c0_0 .net "mem_write", 0 0, v000001fefcecdf10_0;  1 drivers
v000001fefcf20000_0 .net "move_cpu_to_fp", 0 0, v000001fefcece0f0_0;  1 drivers
v000001fefcf1f6a0_0 .net "move_fp_to_cpu", 0 0, v000001fefcecd330_0;  1 drivers
v000001fefcf1ea20_0 .net "pc_in", 31 0, L_000001fefcf7b640;  1 drivers
v000001fefcf1e480_0 .net "pc_out", 31 0, v000001fefcf1a5a0_0;  1 drivers
v000001fefcf1ef20_0 .net "read_data1", 31 0, L_000001fefcf79a90;  1 drivers
v000001fefcf1f740_0 .net "read_data2", 31 0, L_000001fefcf796d0;  1 drivers
v000001fefcf1f380_0 .net "reg_dst", 0 0, v000001fefcecd1f0_0;  1 drivers
v000001fefcf1f7e0_0 .net "reg_write", 0 0, v000001fefcecd150_0;  1 drivers
v000001fefcf1fa60_0 .net "reset", 0 0, v000001fefcf1fec0_0;  1 drivers
v000001fefcf1eac0_0 .net "sign_ext_imm", 31 0, L_000001fefcf782d0;  1 drivers
v000001fefcf1e520_0 .net "write_reg", 4 0, L_000001fefcf798b0;  1 drivers
v000001fefcf1eca0_0 .net "zero", 0 0, L_000001fefcf78c30;  1 drivers
L_000001fefcf1e2a0 .cmp/gt 32, L_000001fefcf79a90, L_000001fefcf20128;
L_000001fefcf1f1a0 .cmp/eq 32, L_000001fefcf79a90, L_000001fefcf796d0;
L_000001fefcf1e3e0 .cmp/ne 32, L_000001fefcf79a90, L_000001fefcf796d0;
L_000001fefcf1f240 .cmp/ge 32, L_000001fefcf20170, L_000001fefcf79a90;
L_000001fefcf1e660 .part L_000001fefcebae70, 26, 6;
L_000001fefcf1e7a0 .cmp/eq 6, L_000001fefcf1e660, L_000001fefcf201b8;
L_000001fefcf1f560 .part L_000001fefcebae70, 26, 6;
L_000001fefcf1e840 .cmp/eq 6, L_000001fefcf1f560, L_000001fefcf20200;
L_000001fefcf1f2e0 .part L_000001fefcebae70, 26, 6;
L_000001fefcf1f420 .cmp/eq 6, L_000001fefcf1f2e0, L_000001fefcf20248;
L_000001fefcf1f4c0 .part L_000001fefcebae70, 26, 6;
L_000001fefcf78e10 .cmp/eq 6, L_000001fefcf1f4c0, L_000001fefcf20290;
L_000001fefcf799f0 .part L_000001fefcebae70, 26, 6;
L_000001fefcf78eb0 .part L_000001fefcebae70, 0, 6;
L_000001fefcf79450 .part L_000001fefcebae70, 21, 5;
L_000001fefcf79590 .part L_000001fefcebae70, 16, 5;
L_000001fefcf78af0 .functor MUXZ 32, v000001fefcece410_0, L_000001fefcf78190, v000001fefcececd0_0, C4<>;
L_000001fefcf78ff0 .functor MUXZ 32, L_000001fefcf78af0, L_000001fefcebaee0, v000001fefcecd330_0, C4<>;
L_000001fefcf79630 .part L_000001fefcebae70, 11, 5;
L_000001fefcf79e50 .part L_000001fefcebae70, 16, 5;
L_000001fefcf79ef0 .part L_000001fefcebae70, 6, 5;
L_000001fefcf784b0 .functor MUXZ 32, v000001fefcece410_0, L_000001fefcf78190, v000001fefcececd0_0, C4<>;
L_000001fefcf787d0 .functor MUXZ 32, L_000001fefcf784b0, L_000001fefcf79a90, v000001fefcece0f0_0, C4<>;
L_000001fefcf78a50 .part L_000001fefcebae70, 0, 6;
L_000001fefcf78550 .functor MUXZ 32, L_000001fefcf796d0, L_000001fefcf782d0, v000001fefcecd8d0_0, C4<>;
L_000001fefcf7a030 .part L_000001fefcebae70, 6, 5;
L_000001fefcf791d0 .functor MUXZ 32, L_000001fefcf796d0, L_000001fefcf796d0, v000001fefcece0f0_0, C4<>;
L_000001fefcf78230 .functor MUXZ 32, L_000001fefcf791d0, L_000001fefcebaee0, v000001fefcecde70_0, C4<>;
L_000001fefcf78b90 .part L_000001fefcebae70, 15, 1;
LS_000001fefcf79770_0_0 .concat [ 1 1 1 1], L_000001fefcf78b90, L_000001fefcf78b90, L_000001fefcf78b90, L_000001fefcf78b90;
LS_000001fefcf79770_0_4 .concat [ 1 1 1 1], L_000001fefcf78b90, L_000001fefcf78b90, L_000001fefcf78b90, L_000001fefcf78b90;
LS_000001fefcf79770_0_8 .concat [ 1 1 1 1], L_000001fefcf78b90, L_000001fefcf78b90, L_000001fefcf78b90, L_000001fefcf78b90;
LS_000001fefcf79770_0_12 .concat [ 1 1 1 1], L_000001fefcf78b90, L_000001fefcf78b90, L_000001fefcf78b90, L_000001fefcf78b90;
L_000001fefcf79770 .concat [ 4 4 4 4], LS_000001fefcf79770_0_0, LS_000001fefcf79770_0_4, LS_000001fefcf79770_0_8, LS_000001fefcf79770_0_12;
L_000001fefcf79b30 .part L_000001fefcebae70, 0, 16;
L_000001fefcf782d0 .concat [ 16 16 0 0], L_000001fefcf79b30, L_000001fefcf79770;
L_000001fefcf79810 .part L_000001fefcebae70, 11, 5;
L_000001fefcf78cd0 .part L_000001fefcebae70, 16, 5;
L_000001fefcf798b0 .functor MUXZ 5, L_000001fefcf78cd0, L_000001fefcf79810, v000001fefcecd1f0_0, C4<>;
L_000001fefcf79950 .part v000001fefcf1a5a0_0, 28, 4;
L_000001fefcf78910 .part L_000001fefcebae70, 0, 26;
L_000001fefcf789b0 .concat [ 2 26 4 0], L_000001fefcf205a8, L_000001fefcf78910, L_000001fefcf79950;
L_000001fefcf7a7e0 .arith/sum 32, v000001fefcf1a5a0_0, L_000001fefcf205f0;
L_000001fefcf7b500 .part L_000001fefcf782d0, 0, 30;
L_000001fefcf7b000 .concat [ 2 30 0 0], L_000001fefcf20638, L_000001fefcf7b500;
L_000001fefcf7aba0 .arith/sum 32, L_000001fefcf7a7e0, L_000001fefcf7b000;
L_000001fefcf7bfa0 .arith/sum 32, v000001fefcf1a5a0_0, L_000001fefcf20680;
L_000001fefcf7b6e0 .functor MUXZ 32, L_000001fefcf7bfa0, L_000001fefcf7aba0, L_000001fefcebb650, C4<>;
L_000001fefcf7b640 .functor MUXZ 32, L_000001fefcf7b6e0, L_000001fefcf789b0, v000001fefcecd290_0, C4<>;
S_000001fefcebcd40 .scope module, "alu_ctrl_inst" "alu_control" 3 114, 4 3 0, S_000001fefcebcbb0;
 .timescale -9 -12;
    .port_info 0 /INPUT 2 "alu_op";
    .port_info 1 /INPUT 6 "funct";
    .port_info 2 /INPUT 1 "fp_operation";
    .port_info 3 /OUTPUT 4 "alu_control";
v000001fefce95ba0_0 .var "alu_control", 3 0;
v000001fefce96d20_0 .net "alu_op", 1 0, v000001fefceccf70_0;  alias, 1 drivers
v000001fefce95c40_0 .net "fp_operation", 0 0, v000001fefcece9b0_0;  alias, 1 drivers
v000001fefce97180_0 .net "funct", 5 0, L_000001fefcf78a50;  1 drivers
E_000001fefce9e300 .event anyedge, v000001fefce95c40_0, v000001fefce97180_0, v000001fefce96d20_0;
S_000001fefce37790 .scope module, "alu_inst" "alu" 3 122, 5 1 0, S_000001fefcebcbb0;
 .timescale -9 -12;
    .port_info 0 /INPUT 32 "input1";
    .port_info 1 /INPUT 32 "input2";
    .port_info 2 /INPUT 5 "shamt";
    .port_info 3 /INPUT 4 "alu_control";
    .port_info 4 /INPUT 32 "hi_in";
    .port_info 5 /INPUT 32 "lo_in";
    .port_info 6 /OUTPUT 32 "result";
    .port_info 7 /OUTPUT 32 "hi_out";
    .port_info 8 /OUTPUT 32 "lo_out";
    .port_info 9 /OUTPUT 1 "zero";
    .port_info 10 /OUTPUT 1 "fp_compare_result";
L_000001fefcf20518 .functor BUFT 1, C4<00000000000000000000000000000000>, C4<0>, C4<0>, C4<0>;
v000001fefce97360_0 .net/2u *"_ivl_0", 31 0, L_000001fefcf20518;  1 drivers
v000001fefce960a0_0 .net "alu_control", 3 0, v000001fefce95ba0_0;  alias, 1 drivers
v000001fefce96320_0 .var "exp1", 7 0;
v000001fefce96640_0 .var "exp2", 7 0;
v000001fefce96780_0 .var "exp_diff", 7 0;
v000001fefce96820_0 .var "exp_result", 7 0;
v000001fefce968c0_0 .var "fp_compare_result", 0 0;
v000001fefce96aa0_0 .var "hi", 31 0;
v000001fefce96be0_0 .net "hi_in", 31 0, v000001fefcf1bcc0_0;  alias, 1 drivers
v000001fefce87d70_0 .var "hi_out", 31 0;
v000001fefcece690_0 .net "input1", 31 0, L_000001fefcf79a90;  alias, 1 drivers
v000001fefcecd5b0_0 .net "input2", 31 0, L_000001fefcf78550;  1 drivers
v000001fefceced70_0 .var "lo", 31 0;
v000001fefcecd650_0 .net "lo_in", 31 0, v000001fefcf1afa0_0;  alias, 1 drivers
v000001fefcece730_0 .var "lo_out", 31 0;
v000001fefcecd970_0 .var "mant1", 23 0;
v000001fefcece2d0_0 .var "mant2", 23 0;
v000001fefcecdfb0_0 .var "mant_product", 47 0;
v000001fefcece370_0 .var "mant_sum", 24 0;
v000001fefcece410_0 .var "result", 31 0;
v000001fefcecd510_0 .net "shamt", 4 0, L_000001fefcf7a030;  1 drivers
v000001fefcece7d0_0 .var "sign1", 0 0;
v000001fefcece4b0_0 .var "sign2", 0 0;
v000001fefcecd830_0 .var "sign_result", 0 0;
v000001fefcecee10_0 .net "zero", 0 0, L_000001fefcf78c30;  alias, 1 drivers
E_000001fefce9d880/0 .event anyedge, v000001fefce95ba0_0, v000001fefcece690_0, v000001fefcecd5b0_0, v000001fefcecd510_0;
E_000001fefce9d880/1 .event anyedge, v000001fefceced70_0, v000001fefce96aa0_0, v000001fefcece7d0_0, v000001fefcece4b0_0;
E_000001fefce9d880/2 .event anyedge, v000001fefce96320_0, v000001fefce96640_0, v000001fefcecd970_0, v000001fefcece2d0_0;
E_000001fefce9d880/3 .event anyedge, v000001fefcecdfb0_0, v000001fefce96820_0, v000001fefcecd830_0, v000001fefce96780_0;
E_000001fefce9d880/4 .event anyedge, v000001fefcece370_0;
E_000001fefce9d880 .event/or E_000001fefce9d880/0, E_000001fefce9d880/1, E_000001fefce9d880/2, E_000001fefce9d880/3, E_000001fefce9d880/4;
L_000001fefcf78c30 .cmp/eq 32, v000001fefcece410_0, L_000001fefcf20518;
S_000001fefce37920 .scope module, "cu_inst" "control_unit" 3 54, 6 3 0, S_000001fefcebcbb0;
 .timescale -9 -12;
    .port_info 0 /INPUT 6 "opcode";
    .port_info 1 /INPUT 6 "funct";
    .port_info 2 /OUTPUT 1 "reg_dst";
    .port_info 3 /OUTPUT 1 "alu_src";
    .port_info 4 /OUTPUT 1 "mem_to_reg";
    .port_info 5 /OUTPUT 1 "reg_write";
    .port_info 6 /OUTPUT 1 "mem_read";
    .port_info 7 /OUTPUT 1 "mem_write";
    .port_info 8 /OUTPUT 1 "branch";
    .port_info 9 /OUTPUT 2 "alu_op";
    .port_info 10 /OUTPUT 1 "jump";
    .port_info 11 /OUTPUT 1 "fp_reg_write";
    .port_info 12 /OUTPUT 1 "fp_reg_read";
    .port_info 13 /OUTPUT 1 "fp_operation";
    .port_info 14 /OUTPUT 1 "move_fp_to_cpu";
    .port_info 15 /OUTPUT 1 "move_cpu_to_fp";
    .port_info 16 /OUTPUT 1 "hi_write";
    .port_info 17 /OUTPUT 1 "lo_write";
P_000001fefce2b490 .param/l "ADDI" 0 6 40, C4<001000>;
P_000001fefce2b4c8 .param/l "ADDIU" 0 6 52, C4<001001>;
P_000001fefce2b500 .param/l "ANDI" 0 6 41, C4<001100>;
P_000001fefce2b538 .param/l "BEQ" 0 6 33, C4<000100>;
P_000001fefce2b570 .param/l "BGTZ" 0 6 35, C4<000111>;
P_000001fefce2b5a8 .param/l "BLEZ" 0 6 36, C4<000110>;
P_000001fefce2b5e0 .param/l "BNE" 0 6 34, C4<000101>;
P_000001fefce2b618 .param/l "CP1" 0 6 49, C4<010001>;
P_000001fefce2b650 .param/l "J" 0 6 37, C4<000010>;
P_000001fefce2b688 .param/l "LUI" 0 6 44, C4<001111>;
P_000001fefce2b6c0 .param/l "LW" 0 6 29, C4<100011>;
P_000001fefce2b6f8 .param/l "LWC1" 0 6 47, C4<110001>;
P_000001fefce2b730 .param/l "ORI" 0 6 42, C4<001101>;
P_000001fefce2b768 .param/l "R_TYPE" 0 6 26, C4<000000>;
P_000001fefce2b7a0 .param/l "SLTIU" 0 6 53, C4<001011>;
P_000001fefce2b7d8 .param/l "SW" 0 6 30, C4<101011>;
P_000001fefce2b810 .param/l "SWC1" 0 6 48, C4<111001>;
P_000001fefce2b848 .param/l "XORI" 0 6 43, C4<001110>;
v000001fefceccf70_0 .var "alu_op", 1 0;
v000001fefcecd8d0_0 .var "alu_src", 0 0;
v000001fefcecd790_0 .var "branch", 0 0;
v000001fefcece9b0_0 .var "fp_operation", 0 0;
v000001fefcecde70_0 .var "fp_reg_read", 0 0;
v000001fefcecd6f0_0 .var "fp_reg_write", 0 0;
v000001fefcecd010_0 .net "funct", 5 0, L_000001fefcf78eb0;  1 drivers
v000001fefcecdb50_0 .var "hi_write", 0 0;
v000001fefcecd290_0 .var "jump", 0 0;
v000001fefcece870_0 .var "lo_write", 0 0;
v000001fefcecd0b0_0 .var "mem_read", 0 0;
v000001fefcececd0_0 .var "mem_to_reg", 0 0;
v000001fefcecdf10_0 .var "mem_write", 0 0;
v000001fefcece0f0_0 .var "move_cpu_to_fp", 0 0;
v000001fefcecd330_0 .var "move_fp_to_cpu", 0 0;
v000001fefcece5f0_0 .net "opcode", 5 0, L_000001fefcf799f0;  1 drivers
v000001fefcecd1f0_0 .var "reg_dst", 0 0;
v000001fefcecd150_0 .var "reg_write", 0 0;
E_000001fefce9e4c0 .event anyedge, v000001fefcece5f0_0, v000001fefcecd010_0;
S_000001fefce17d60 .scope module, "dm_inst" "data_memory" 3 137, 7 3 0, S_000001fefcebcbb0;
 .timescale -9 -12;
    .port_info 0 /INPUT 1 "clk";
    .port_info 1 /INPUT 1 "mem_read";
    .port_info 2 /INPUT 1 "mem_write";
    .port_info 3 /INPUT 32 "address";
    .port_info 4 /INPUT 32 "write_data";
    .port_info 5 /OUTPUT 32 "read_data";
v000001fefcece230_0 .net *"_ivl_0", 31 0, L_000001fefcf79f90;  1 drivers
v000001fefcece190_0 .net *"_ivl_3", 9 0, L_000001fefcf79090;  1 drivers
v000001fefcecda10_0 .net *"_ivl_4", 10 0, L_000001fefcf78870;  1 drivers
L_000001fefcf20560 .functor BUFT 1, C4<0>, C4<0>, C4<0>, C4<0>;
v000001fefcecd3d0_0 .net *"_ivl_7", 0 0, L_000001fefcf20560;  1 drivers
o000001fefced0fb8 .functor BUFZ 32, C4<zzzzzzzzzzzzzzzzzzzzzzzzzzzzzzzz>; HiZ drive
; Elide local net with no drivers, v000001fefcece550_0 name=_ivl_8
v000001fefcece910_0 .net "address", 31 0, v000001fefcece410_0;  alias, 1 drivers
v000001fefcecea50_0 .net "clk", 0 0, v000001fefcf1f880_0;  alias, 1 drivers
v000001fefcecd470_0 .var/i "i", 31 0;
v000001fefcecdab0_0 .net "mem_read", 0 0, v000001fefcecd0b0_0;  alias, 1 drivers
v000001fefcecdbf0_0 .net "mem_write", 0 0, v000001fefcecdf10_0;  alias, 1 drivers
v000001fefceceaf0 .array "memory", 511 0, 31 0;
v000001fefceceb90_0 .net "read_data", 31 0, L_000001fefcf78190;  alias, 1 drivers
v000001fefcecec30_0 .net "write_data", 31 0, L_000001fefcf78230;  1 drivers
E_000001fefce9ddc0 .event posedge, v000001fefcecea50_0;
L_000001fefcf79f90 .array/port v000001fefceceaf0, L_000001fefcf78870;
L_000001fefcf79090 .part v000001fefcece410_0, 2, 10;
L_000001fefcf78870 .concat [ 10 1 0 0], L_000001fefcf79090, L_000001fefcf20560;
L_000001fefcf78190 .functor MUXZ 32, o000001fefced0fb8, L_000001fefcf79f90, v000001fefcecd0b0_0, C4<>;
S_000001fefce17ef0 .scope module, "fp_rf_inst" "fp_register_file" 3 99, 8 6 0, S_000001fefcebcbb0;
 .timescale -9 -12;
    .port_info 0 /INPUT 1 "clk";
    .port_info 1 /INPUT 1 "fp_reg_write";
    .port_info 2 /INPUT 5 "read_reg1";
    .port_info 3 /INPUT 5 "read_reg2";
    .port_info 4 /INPUT 5 "write_reg";
    .port_info 5 /INPUT 32 "write_data";
    .port_info 6 /OUTPUT 32 "read_data1";
    .port_info 7 /OUTPUT 32 "read_data2";
L_000001fefcebaee0 .functor BUFZ 32, L_000001fefcf78730, C4<00000000000000000000000000000000>, C4<00000000000000000000000000000000>, C4<00000000000000000000000000000000>;
L_000001fefcebaa10 .functor BUFZ 32, L_000001fefcf79c70, C4<00000000000000000000000000000000>, C4<00000000000000000000000000000000>, C4<00000000000000000000000000000000>;
v000001fefcecdc90_0 .net *"_ivl_0", 31 0, L_000001fefcf78730;  1 drivers
v000001fefcecdd30_0 .net *"_ivl_10", 6 0, L_000001fefcf794f0;  1 drivers
L_000001fefcf204d0 .functor BUFT 1, C4<00>, C4<0>, C4<0>, C4<0>;
v000001fefcecddd0_0 .net *"_ivl_13", 1 0, L_000001fefcf204d0;  1 drivers
v000001fefcf1a640_0 .net *"_ivl_2", 6 0, L_000001fefcf793b0;  1 drivers
L_000001fefcf20488 .functor BUFT 1, C4<00>, C4<0>, C4<0>, C4<0>;
v000001fefcf1b9a0_0 .net *"_ivl_5", 1 0, L_000001fefcf20488;  1 drivers
v000001fefcf1af00_0 .net *"_ivl_8", 31 0, L_000001fefcf79c70;  1 drivers
v000001fefcf1a280_0 .net "clk", 0 0, v000001fefcf1f880_0;  alias, 1 drivers
v000001fefcf1aaa0_0 .net "fp_reg_write", 0 0, v000001fefcecd6f0_0;  alias, 1 drivers
v000001fefcf1a6e0 .array "fp_registers", 31 0, 31 0;
v000001fefcf1a460_0 .var/i "i", 31 0;
v000001fefcf1b180_0 .net "read_data1", 31 0, L_000001fefcebaee0;  alias, 1 drivers
v000001fefcf1bf40_0 .net "read_data2", 31 0, L_000001fefcebaa10;  alias, 1 drivers
v000001fefcf1a320_0 .net "read_reg1", 4 0, L_000001fefcf79630;  1 drivers
v000001fefcf1b540_0 .net "read_reg2", 4 0, L_000001fefcf79e50;  1 drivers
v000001fefcf1a780_0 .net "write_data", 31 0, L_000001fefcf787d0;  1 drivers
v000001fefcf1abe0_0 .net "write_reg", 4 0, L_000001fefcf79ef0;  1 drivers
L_000001fefcf78730 .array/port v000001fefcf1a6e0, L_000001fefcf793b0;
L_000001fefcf793b0 .concat [ 5 2 0 0], L_000001fefcf79630, L_000001fefcf20488;
L_000001fefcf79c70 .array/port v000001fefcf1a6e0, L_000001fefcf794f0;
L_000001fefcf794f0 .concat [ 5 2 0 0], L_000001fefcf79e50, L_000001fefcf204d0;
S_000001fefce42520 .scope module, "im_inst" "instruction_memory" 3 48, 9 1 0, S_000001fefcebcbb0;
 .timescale -9 -12;
    .port_info 0 /INPUT 32 "address";
    .port_info 1 /OUTPUT 32 "instruction";
L_000001fefcebae70 .functor BUFZ 32, L_000001fefcf79270, C4<00000000000000000000000000000000>, C4<00000000000000000000000000000000>, C4<00000000000000000000000000000000>;
v000001fefcf1bae0_0 .net *"_ivl_0", 31 0, L_000001fefcf79270;  1 drivers
v000001fefcf1bfe0_0 .net *"_ivl_3", 9 0, L_000001fefcf785f0;  1 drivers
v000001fefcf1bb80_0 .net "address", 31 0, v000001fefcf1a5a0_0;  alias, 1 drivers
v000001fefcf1ad20_0 .net "instruction", 31 0, L_000001fefcebae70;  alias, 1 drivers
v000001fefcf1a820 .array "memory", 100 0, 31 0;
L_000001fefcf79270 .array/port v000001fefcf1a820, L_000001fefcf785f0;
L_000001fefcf785f0 .part v000001fefcf1a5a0_0, 2, 10;
S_000001fefce426b0 .scope module, "pc_inst" "pc_register" 3 40, 10 4 0, S_000001fefcebcbb0;
 .timescale -9 -12;
    .port_info 0 /INPUT 1 "clk";
    .port_info 1 /INPUT 1 "reset";
    .port_info 2 /INPUT 32 "pc_in";
    .port_info 3 /OUTPUT 32 "pc_out";
v000001fefcf1ae60_0 .net "clk", 0 0, v000001fefcf1f880_0;  alias, 1 drivers
v000001fefcf1ba40_0 .net "pc_in", 31 0, L_000001fefcf7b640;  alias, 1 drivers
v000001fefcf1a5a0_0 .var "pc_out", 31 0;
v000001fefcf1b220_0 .net "reset", 0 0, v000001fefcf1fec0_0;  alias, 1 drivers
E_000001fefce9d900 .event posedge, v000001fefcf1b220_0, v000001fefcecea50_0;
S_000001fefce31200 .scope module, "rf_inst" "register_file" 3 78, 11 5 0, S_000001fefcebcbb0;
 .timescale -9 -12;
    .port_info 0 /INPUT 1 "clk";
    .port_info 1 /INPUT 1 "reg_write";
    .port_info 2 /INPUT 5 "read_reg1";
    .port_info 3 /INPUT 5 "read_reg2";
    .port_info 4 /INPUT 5 "write_reg";
    .port_info 5 /INPUT 32 "write_data";
    .port_info 6 /INPUT 32 "hi_in";
    .port_info 7 /INPUT 32 "lo_in";
    .port_info 8 /INPUT 1 "hi_write";
    .port_info 9 /INPUT 1 "lo_write";
    .port_info 10 /OUTPUT 32 "read_data1";
    .port_info 11 /OUTPUT 32 "read_data2";
    .port_info 12 /OUTPUT 32 "hi";
    .port_info 13 /OUTPUT 32 "lo";
L_000001fefcf202d8 .functor BUFT 1, C4<11110>, C4<0>, C4<0>, C4<0>;
v000001fefcf1ab40_0 .net/2u *"_ivl_0", 4 0, L_000001fefcf202d8;  1 drivers
v000001fefcf1b040_0 .net *"_ivl_10", 6 0, L_000001fefcf79db0;  1 drivers
L_000001fefcf20368 .functor BUFT 1, C4<00>, C4<0>, C4<0>, C4<0>;
v000001fefcf1b400_0 .net *"_ivl_13", 1 0, L_000001fefcf20368;  1 drivers
v000001fefcf1b0e0_0 .net *"_ivl_14", 31 0, L_000001fefcf78370;  1 drivers
L_000001fefcf203b0 .functor BUFT 1, C4<11110>, C4<0>, C4<0>, C4<0>;
v000001fefcf1b4a0_0 .net/2u *"_ivl_18", 4 0, L_000001fefcf203b0;  1 drivers
v000001fefcf1b860_0 .net *"_ivl_2", 0 0, L_000001fefcf79310;  1 drivers
v000001fefcf1bc20_0 .net *"_ivl_20", 0 0, L_000001fefcf78410;  1 drivers
L_000001fefcf203f8 .functor BUFT 1, C4<11111>, C4<0>, C4<0>, C4<0>;
v000001fefcf1b2c0_0 .net/2u *"_ivl_22", 4 0, L_000001fefcf203f8;  1 drivers
v000001fefcf1a3c0_0 .net *"_ivl_24", 0 0, L_000001fefcf78d70;  1 drivers
v000001fefcf1a140_0 .net *"_ivl_26", 31 0, L_000001fefcf78f50;  1 drivers
v000001fefcf1a500_0 .net *"_ivl_28", 6 0, L_000001fefcf79130;  1 drivers
L_000001fefcf20440 .functor BUFT 1, C4<00>, C4<0>, C4<0>, C4<0>;
v000001fefcf1a8c0_0 .net *"_ivl_31", 1 0, L_000001fefcf20440;  1 drivers
v000001fefcf1adc0_0 .net *"_ivl_32", 31 0, L_000001fefcf79d10;  1 drivers
L_000001fefcf20320 .functor BUFT 1, C4<11111>, C4<0>, C4<0>, C4<0>;
v000001fefcf1a960_0 .net/2u *"_ivl_4", 4 0, L_000001fefcf20320;  1 drivers
v000001fefcf1b360_0 .net *"_ivl_6", 0 0, L_000001fefcf78690;  1 drivers
v000001fefcf1b5e0_0 .net *"_ivl_8", 31 0, L_000001fefcf79bd0;  1 drivers
v000001fefcf1aa00_0 .net "clk", 0 0, v000001fefcf1f880_0;  alias, 1 drivers
v000001fefcf1bcc0_0 .var "hi", 31 0;
v000001fefcf1b680_0 .net "hi_in", 31 0, v000001fefce87d70_0;  alias, 1 drivers
v000001fefcf1ac80_0 .net "hi_write", 0 0, v000001fefcecdb50_0;  alias, 1 drivers
v000001fefcf1b900_0 .var/i "i", 31 0;
v000001fefcf1afa0_0 .var "lo", 31 0;
v000001fefcf1be00_0 .net "lo_in", 31 0, v000001fefcece730_0;  alias, 1 drivers
v000001fefcf1a1e0_0 .net "lo_write", 0 0, v000001fefcece870_0;  alias, 1 drivers
v000001fefcf1b720_0 .net "read_data1", 31 0, L_000001fefcf79a90;  alias, 1 drivers
v000001fefcf1b7c0_0 .net "read_data2", 31 0, L_000001fefcf796d0;  alias, 1 drivers
v000001fefcf1bd60_0 .net "read_reg1", 4 0, L_000001fefcf79450;  1 drivers
v000001fefcf1bea0_0 .net "read_reg2", 4 0, L_000001fefcf79590;  1 drivers
v000001fefcf1d0f0_0 .net "reg_write", 0 0, v000001fefcecd150_0;  alias, 1 drivers
v000001fefcf1d870 .array "registers", 31 0, 31 0;
v000001fefcf1d910_0 .net "write_data", 31 0, L_000001fefcf78ff0;  1 drivers
v000001fefcf1cd30_0 .net "write_reg", 4 0, L_000001fefcf798b0;  alias, 1 drivers
L_000001fefcf79310 .cmp/eq 5, L_000001fefcf79450, L_000001fefcf202d8;
L_000001fefcf78690 .cmp/eq 5, L_000001fefcf79450, L_000001fefcf20320;
L_000001fefcf79bd0 .array/port v000001fefcf1d870, L_000001fefcf79db0;
L_000001fefcf79db0 .concat [ 5 2 0 0], L_000001fefcf79450, L_000001fefcf20368;
L_000001fefcf78370 .functor MUXZ 32, L_000001fefcf79bd0, v000001fefcf1afa0_0, L_000001fefcf78690, C4<>;
L_000001fefcf79a90 .functor MUXZ 32, L_000001fefcf78370, v000001fefcf1bcc0_0, L_000001fefcf79310, C4<>;
L_000001fefcf78410 .cmp/eq 5, L_000001fefcf79590, L_000001fefcf203b0;
L_000001fefcf78d70 .cmp/eq 5, L_000001fefcf79590, L_000001fefcf203f8;
L_000001fefcf78f50 .array/port v000001fefcf1d870, L_000001fefcf79130;
L_000001fefcf79130 .concat [ 5 2 0 0], L_000001fefcf79590, L_000001fefcf20440;
L_000001fefcf79d10 .functor MUXZ 32, L_000001fefcf78f50, v000001fefcf1afa0_0, L_000001fefcf78d70, C4<>;
L_000001fefcf796d0 .functor MUXZ 32, L_000001fefcf79d10, v000001fefcf1bcc0_0, L_000001fefcf78410, C4<>;
    .scope S_000001fefce426b0;
T_0 ;
    %wait E_000001fefce9d900;
    %load/vec4 v000001fefcf1b220_0;
    %flag_set/vec4 8;
    %jmp/0xz  T_0.0, 8;
    %pushi/vec4 0, 0, 32;
    %assign/vec4 v000001fefcf1a5a0_0, 0;
    %jmp T_0.1;
T_0.0 ;
    %load/vec4 v000001fefcf1ba40_0;
    %assign/vec4 v000001fefcf1a5a0_0, 0;
T_0.1 ;
    %jmp T_0;
    .thread T_0;
    .scope S_000001fefce42520;
T_1 ;
    %pushi/vec4 537460741, 0, 32;
    %ix/load 4, 0, 0;
    %flag_set/imm 4, 0;
    %store/vec4a v000001fefcf1a820, 4, 0;
    %pushi/vec4 537395204, 0, 32;
    %ix/load 4, 1, 0;
    %flag_set/imm 4, 0;
    %store/vec4a v000001fefcf1a820, 4, 0;
    %pushi/vec4 285802513, 0, 32;
    %ix/load 4, 2, 0;
    %flag_set/imm 4, 0;
    %store/vec4a v000001fefcf1a820, 4, 0;
    %pushi/vec4 2366308352, 0, 32;
    %ix/load 4, 3, 0;
    %flag_set/imm 4, 0;
    %store/vec4a v000001fefcf1a820, 4, 0;
    %pushi/vec4 16793632, 0, 32;
    %ix/load 4, 4, 0;
    %flag_set/imm 4, 0;
    %store/vec4a v000001fefcf1a820, 4, 0;
    %pushi/vec4 16795682, 0, 32;
    %ix/load 4, 5, 0;
    %flag_set/imm 4, 0;
    %store/vec4a v000001fefcf1a820, 4, 0;
    %pushi/vec4 488636424, 0, 32;
    %ix/load 4, 6, 0;
    %flag_set/imm 4, 0;
    %store/vec4a v000001fefcf1a820, 4, 0;
    %pushi/vec4 2368471040, 0, 32;
    %ix/load 4, 7, 0;
    %flag_set/imm 4, 0;
    %store/vec4a v000001fefcf1a820, 4, 0;
    %pushi/vec4 25888810, 0, 32;
    %ix/load 4, 8, 0;
    %flag_set/imm 4, 0;
    %store/vec4a v000001fefcf1a820, 4, 0;
    %pushi/vec4 285212675, 0, 32;
    %ix/load 4, 9, 0;
    %flag_set/imm 4, 0;
    %store/vec4a v000001fefcf1a820, 4, 0;
    %pushi/vec4 2905341956, 0, 32;
    %ix/load 4, 10, 0;
    %flag_set/imm 4, 0;
    %store/vec4a v000001fefcf1a820, 4, 0;
    %pushi/vec4 556400636, 0, 32;
    %ix/load 4, 11, 0;
    %flag_set/imm 4, 0;
    %store/vec4a v000001fefcf1a820, 4, 0;
    %pushi/vec4 134217734, 0, 32;
    %ix/load 4, 12, 0;
    %flag_set/imm 4, 0;
    %store/vec4a v000001fefcf1a820, 4, 0;
    %pushi/vec4 2905276420, 0, 32;
    %ix/load 4, 13, 0;
    %flag_set/imm 4, 0;
    %store/vec4a v000001fefcf1a820, 4, 0;
    %pushi/vec4 554172420, 0, 32;
    %ix/load 4, 14, 0;
    %flag_set/imm 4, 0;
    %store/vec4a v000001fefcf1a820, 4, 0;
    %pushi/vec4 134217730, 0, 32;
    %ix/load 4, 15, 0;
    %flag_set/imm 4, 0;
    %store/vec4a v000001fefcf1a820, 4, 0;
    %pushi/vec4 0, 0, 32;
    %ix/load 4, 16, 0;
    %flag_set/imm 4, 0;
    %store/vec4a v000001fefcf1a820, 4, 0;
    %pushi/vec4 1175556096, 0, 32;
    %ix/load 4, 21, 0;
    %flag_set/imm 4, 0;
    %store/vec4a v000001fefcf1a820, 4, 0;
    %pushi/vec4 1175691265, 0, 32;
    %ix/load 4, 22, 0;
    %flag_set/imm 4, 0;
    %store/vec4a v000001fefcf1a820, 4, 0;
    %pushi/vec4 1175826434, 0, 32;
    %ix/load 4, 23, 0;
    %flag_set/imm 4, 0;
    %store/vec4a v000001fefcf1a820, 4, 0;
    %pushi/vec4 1175961604, 0, 32;
    %ix/load 4, 24, 0;
    %flag_set/imm 4, 0;
    %store/vec4a v000001fefcf1a820, 4, 0;
    %pushi/vec4 1176096774, 0, 32;
    %ix/load 4, 25, 0;
    %flag_set/imm 4, 0;
    %store/vec4a v000001fefcf1a820, 4, 0;
    %end;
    .thread T_1;
    .scope S_000001fefce37920;
T_2 ;
    %wait E_000001fefce9e4c0;
    %pushi/vec4 0, 0, 1;
    %store/vec4 v000001fefcecd1f0_0, 0, 1;
    %pushi/vec4 0, 0, 1;
    %store/vec4 v000001fefcecd8d0_0, 0, 1;
    %pushi/vec4 0, 0, 1;
    %store/vec4 v000001fefcececd0_0, 0, 1;
    %pushi/vec4 0, 0, 1;
    %store/vec4 v000001fefcecd150_0, 0, 1;
    %pushi/vec4 0, 0, 1;
    %store/vec4 v000001fefcecd0b0_0, 0, 1;
    %pushi/vec4 0, 0, 1;
    %store/vec4 v000001fefcecdf10_0, 0, 1;
    %pushi/vec4 0, 0, 1;
    %store/vec4 v000001fefcecd790_0, 0, 1;
    %pushi/vec4 0, 0, 2;
    %store/vec4 v000001fefceccf70_0, 0, 2;
    %pushi/vec4 0, 0, 1;
    %store/vec4 v000001fefcecd290_0, 0, 1;
    %pushi/vec4 0, 0, 1;
    %store/vec4 v000001fefcecd6f0_0, 0, 1;
    %pushi/vec4 0, 0, 1;
    %store/vec4 v000001fefcecde70_0, 0, 1;
    %pushi/vec4 0, 0, 1;
    %store/vec4 v000001fefcece9b0_0, 0, 1;
    %pushi/vec4 0, 0, 1;
    %store/vec4 v000001fefcecd330_0, 0, 1;
    %pushi/vec4 0, 0, 1;
    %store/vec4 v000001fefcece0f0_0, 0, 1;
    %pushi/vec4 0, 0, 1;
    %store/vec4 v000001fefcecdb50_0, 0, 1;
    %pushi/vec4 0, 0, 1;
    %store/vec4 v000001fefcece870_0, 0, 1;
    %load/vec4 v000001fefcece5f0_0;
    %dup/vec4;
    %pushi/vec4 0, 0, 6;
    %cmp/u;
    %jmp/1 T_2.0, 6;
    %dup/vec4;
    %pushi/vec4 35, 0, 6;
    %cmp/u;
    %jmp/1 T_2.1, 6;
    %dup/vec4;
    %pushi/vec4 43, 0, 6;
    %cmp/u;
    %jmp/1 T_2.2, 6;
    %dup/vec4;
    %pushi/vec4 4, 0, 6;
    %cmp/u;
    %jmp/1 T_2.3, 6;
    %dup/vec4;
    %pushi/vec4 5, 0, 6;
    %cmp/u;
    %jmp/1 T_2.4, 6;
    %dup/vec4;
    %pushi/vec4 7, 0, 6;
    %cmp/u;
    %jmp/1 T_2.5, 6;
    %dup/vec4;
    %pushi/vec4 6, 0, 6;
    %cmp/u;
    %jmp/1 T_2.6, 6;
    %dup/vec4;
    %pushi/vec4 2, 0, 6;
    %cmp/u;
    %jmp/1 T_2.7, 6;
    %dup/vec4;
    %pushi/vec4 8, 0, 6;
    %cmp/u;
    %jmp/1 T_2.8, 6;
    %dup/vec4;
    %pushi/vec4 9, 0, 6;
    %cmp/u;
    %jmp/1 T_2.9, 6;
    %dup/vec4;
    %pushi/vec4 12, 0, 6;
    %cmp/u;
    %jmp/1 T_2.10, 6;
    %dup/vec4;
    %pushi/vec4 13, 0, 6;
    %cmp/u;
    %jmp/1 T_2.11, 6;
    %dup/vec4;
    %pushi/vec4 14, 0, 6;
    %cmp/u;
    %jmp/1 T_2.12, 6;
    %dup/vec4;
    %pushi/vec4 15, 0, 6;
    %cmp/u;
    %jmp/1 T_2.13, 6;
    %dup/vec4;
    %pushi/vec4 11, 0, 6;
    %cmp/u;
    %jmp/1 T_2.14, 6;
    %dup/vec4;
    %pushi/vec4 49, 0, 6;
    %cmp/u;
    %jmp/1 T_2.15, 6;
    %dup/vec4;
    %pushi/vec4 57, 0, 6;
    %cmp/u;
    %jmp/1 T_2.16, 6;
    %dup/vec4;
    %pushi/vec4 17, 0, 6;
    %cmp/u;
    %jmp/1 T_2.17, 6;
    %jmp T_2.19;
T_2.0 ;
    %pushi/vec4 1, 0, 1;
    %store/vec4 v000001fefcecd1f0_0, 0, 1;
    %pushi/vec4 0, 0, 1;
    %store/vec4 v000001fefcecd8d0_0, 0, 1;
    %pushi/vec4 0, 0, 1;
    %store/vec4 v000001fefcececd0_0, 0, 1;
    %pushi/vec4 1, 0, 1;
    %store/vec4 v000001fefcecd150_0, 0, 1;
    %pushi/vec4 0, 0, 1;
    %store/vec4 v000001fefcecd0b0_0, 0, 1;
    %pushi/vec4 0, 0, 1;
    %store/vec4 v000001fefcecdf10_0, 0, 1;
    %pushi/vec4 0, 0, 1;
    %store/vec4 v000001fefcecd790_0, 0, 1;
    %pushi/vec4 2, 0, 2;
    %store/vec4 v000001fefceccf70_0, 0, 2;
    %load/vec4 v000001fefcecd010_0;
    %dup/vec4;
    %pushi/vec4 32, 0, 6;
    %cmp/u;
    %jmp/1 T_2.20, 6;
    %dup/vec4;
    %pushi/vec4 33, 0, 6;
    %cmp/u;
    %jmp/1 T_2.21, 6;
    %dup/vec4;
    %pushi/vec4 34, 0, 6;
    %cmp/u;
    %jmp/1 T_2.22, 6;
    %dup/vec4;
    %pushi/vec4 35, 0, 6;
    %cmp/u;
    %jmp/1 T_2.23, 6;
    %dup/vec4;
    %pushi/vec4 36, 0, 6;
    %cmp/u;
    %jmp/1 T_2.24, 6;
    %dup/vec4;
    %pushi/vec4 37, 0, 6;
    %cmp/u;
    %jmp/1 T_2.25, 6;
    %dup/vec4;
    %pushi/vec4 38, 0, 6;
    %cmp/u;
    %jmp/1 T_2.26, 6;
    %dup/vec4;
    %pushi/vec4 39, 0, 6;
    %cmp/u;
    %jmp/1 T_2.27, 6;
    %dup/vec4;
    %pushi/vec4 0, 0, 6;
    %cmp/u;
    %jmp/1 T_2.28, 6;
    %dup/vec4;
    %pushi/vec4 2, 0, 6;
    %cmp/u;
    %jmp/1 T_2.29, 6;
    %dup/vec4;
    %pushi/vec4 3, 0, 6;
    %cmp/u;
    %jmp/1 T_2.30, 6;
    %dup/vec4;
    %pushi/vec4 42, 0, 6;
    %cmp/u;
    %jmp/1 T_2.31, 6;
    %dup/vec4;
    %pushi/vec4 43, 0, 6;
    %cmp/u;
    %jmp/1 T_2.32, 6;
    %dup/vec4;
    %pushi/vec4 24, 0, 6;
    %cmp/u;
    %jmp/1 T_2.33, 6;
    %dup/vec4;
    %pushi/vec4 4, 0, 6;
    %cmp/u;
    %jmp/1 T_2.34, 6;
    %dup/vec4;
    %pushi/vec4 5, 0, 6;
    %cmp/u;
    %jmp/1 T_2.35, 6;
    %jmp T_2.37;
T_2.20 ;
    %jmp T_2.37;
T_2.21 ;
    %jmp T_2.37;
T_2.22 ;
    %jmp T_2.37;
T_2.23 ;
    %jmp T_2.37;
T_2.24 ;
    %jmp T_2.37;
T_2.25 ;
    %jmp T_2.37;
T_2.26 ;
    %jmp T_2.37;
T_2.27 ;
    %jmp T_2.37;
T_2.28 ;
    %jmp T_2.37;
T_2.29 ;
    %jmp T_2.37;
T_2.30 ;
    %jmp T_2.37;
T_2.31 ;
    %jmp T_2.37;
T_2.32 ;
    %jmp T_2.37;
T_2.33 ;
    %pushi/vec4 1, 0, 1;
    %store/vec4 v000001fefcecdb50_0, 0, 1;
    %pushi/vec4 1, 0, 1;
    %store/vec4 v000001fefcece870_0, 0, 1;
    %jmp T_2.37;
T_2.34 ;
    %pushi/vec4 1, 0, 1;
    %store/vec4 v000001fefcecdb50_0, 0, 1;
    %pushi/vec4 1, 0, 1;
    %store/vec4 v000001fefcece870_0, 0, 1;
    %jmp T_2.37;
T_2.35 ;
    %pushi/vec4 1, 0, 1;
    %store/vec4 v000001fefcecdb50_0, 0, 1;
    %pushi/vec4 1, 0, 1;
    %store/vec4 v000001fefcece870_0, 0, 1;
    %jmp T_2.37;
T_2.37 ;
    %pop/vec4 1;
    %jmp T_2.19;
T_2.1 ;
    %pushi/vec4 1, 0, 1;
    %store/vec4 v000001fefcecd8d0_0, 0, 1;
    %pushi/vec4 1, 0, 1;
    %store/vec4 v000001fefcececd0_0, 0, 1;
    %pushi/vec4 1, 0, 1;
    %store/vec4 v000001fefcecd150_0, 0, 1;
    %pushi/vec4 1, 0, 1;
    %store/vec4 v000001fefcecd0b0_0, 0, 1;
    %jmp T_2.19;
T_2.2 ;
    %pushi/vec4 1, 0, 1;
    %store/vec4 v000001fefcecd8d0_0, 0, 1;
    %pushi/vec4 1, 0, 1;
    %store/vec4 v000001fefcecdf10_0, 0, 1;
    %jmp T_2.19;
T_2.3 ;
    %pushi/vec4 1, 0, 1;
    %store/vec4 v000001fefcecd790_0, 0, 1;
    %pushi/vec4 1, 0, 2;
    %store/vec4 v000001fefceccf70_0, 0, 2;
    %jmp T_2.19;
T_2.4 ;
    %pushi/vec4 1, 0, 1;
    %store/vec4 v000001fefcecd790_0, 0, 1;
    %pushi/vec4 1, 0, 2;
    %store/vec4 v000001fefceccf70_0, 0, 2;
    %jmp T_2.19;
T_2.5 ;
    %pushi/vec4 1, 0, 1;
    %store/vec4 v000001fefcecd790_0, 0, 1;
    %pushi/vec4 1, 0, 2;
    %store/vec4 v000001fefceccf70_0, 0, 2;
    %jmp T_2.19;
T_2.6 ;
    %pushi/vec4 1, 0, 1;
    %store/vec4 v000001fefcecd790_0, 0, 1;
    %pushi/vec4 1, 0, 2;
    %store/vec4 v000001fefceccf70_0, 0, 2;
    %jmp T_2.19;
T_2.7 ;
    %pushi/vec4 1, 0, 1;
    %store/vec4 v000001fefcecd290_0, 0, 1;
    %jmp T_2.19;
T_2.8 ;
    %pushi/vec4 1, 0, 1;
    %store/vec4 v000001fefcecd8d0_0, 0, 1;
    %pushi/vec4 1, 0, 1;
    %store/vec4 v000001fefcecd150_0, 0, 1;
    %jmp T_2.19;
T_2.9 ;
    %pushi/vec4 1, 0, 1;
    %store/vec4 v000001fefcecd8d0_0, 0, 1;
    %pushi/vec4 1, 0, 1;
    %store/vec4 v000001fefcecd150_0, 0, 1;
    %jmp T_2.19;
T_2.10 ;
    %pushi/vec4 1, 0, 1;
    %store/vec4 v000001fefcecd8d0_0, 0, 1;
    %pushi/vec4 1, 0, 1;
    %store/vec4 v000001fefcecd150_0, 0, 1;
    %pushi/vec4 3, 0, 2;
    %store/vec4 v000001fefceccf70_0, 0, 2;
    %jmp T_2.19;
T_2.11 ;
    %pushi/vec4 0, 0, 1;
    %store/vec4 v000001fefcecd1f0_0, 0, 1;
    %pushi/vec4 1, 0, 1;
    %store/vec4 v000001fefcecd8d0_0, 0, 1;
    %pushi/vec4 1, 0, 1;
    %store/vec4 v000001fefcecd150_0, 0, 1;
    %pushi/vec4 0, 0, 1;
    %store/vec4 v000001fefcececd0_0, 0, 1;
    %pushi/vec4 3, 0, 2;
    %store/vec4 v000001fefceccf70_0, 0, 2;
    %jmp T_2.19;
T_2.12 ;
    %pushi/vec4 1, 0, 1;
    %store/vec4 v000001fefcecd8d0_0, 0, 1;
    %pushi/vec4 1, 0, 1;
    %store/vec4 v000001fefcecd150_0, 0, 1;
    %jmp T_2.19;
T_2.13 ;
    %pushi/vec4 0, 0, 1;
    %store/vec4 v000001fefcecd1f0_0, 0, 1;
    %pushi/vec4 1, 0, 1;
    %store/vec4 v000001fefcecd8d0_0, 0, 1;
    %pushi/vec4 1, 0, 1;
    %store/vec4 v000001fefcecd150_0, 0, 1;
    %pushi/vec4 0, 0, 1;
    %store/vec4 v000001fefcececd0_0, 0, 1;
    %jmp T_2.19;
T_2.14 ;
    %pushi/vec4 1, 0, 1;
    %store/vec4 v000001fefcecd8d0_0, 0, 1;
    %pushi/vec4 1, 0, 1;
    %store/vec4 v000001fefcecd150_0, 0, 1;
    %jmp T_2.19;
T_2.15 ;
    %pushi/vec4 1, 0, 1;
    %store/vec4 v000001fefcecd8d0_0, 0, 1;
    %pushi/vec4 1, 0, 1;
    %store/vec4 v000001fefcecd0b0_0, 0, 1;
    %pushi/vec4 1, 0, 1;
    %store/vec4 v000001fefcecd6f0_0, 0, 1;
    %pushi/vec4 0, 0, 1;
    %store/vec4 v000001fefcececd0_0, 0, 1;
    %jmp T_2.19;
T_2.16 ;
    %pushi/vec4 1, 0, 1;
    %store/vec4 v000001fefcecd8d0_0, 0, 1;
    %pushi/vec4 1, 0, 1;
    %store/vec4 v000001fefcecdf10_0, 0, 1;
    %pushi/vec4 1, 0, 1;
    %store/vec4 v000001fefcecde70_0, 0, 1;
    %jmp T_2.19;
T_2.17 ;
    %load/vec4 v000001fefcecd010_0;
    %dup/vec4;
    %pushi/vec4 0, 0, 6;
    %cmp/u;
    %jmp/1 T_2.38, 6;
    %dup/vec4;
    %pushi/vec4 4, 0, 6;
    %cmp/u;
    %jmp/1 T_2.39, 6;
    %pushi/vec4 1, 0, 1;
    %store/vec4 v000001fefcece9b0_0, 0, 1;
    %pushi/vec4 1, 0, 1;
    %store/vec4 v000001fefcecd6f0_0, 0, 1;
    %jmp T_2.41;
T_2.38 ;
    %pushi/vec4 1, 0, 1;
    %store/vec4 v000001fefcecd150_0, 0, 1;
    %pushi/vec4 1, 0, 1;
    %store/vec4 v000001fefcecd330_0, 0, 1;
    %jmp T_2.41;
T_2.39 ;
    %pushi/vec4 1, 0, 1;
    %store/vec4 v000001fefcecd6f0_0, 0, 1;
    %pushi/vec4 1, 0, 1;
    %store/vec4 v000001fefcece0f0_0, 0, 1;
    %jmp T_2.41;
T_2.41 ;
    %pop/vec4 1;
    %jmp T_2.19;
T_2.19 ;
    %pop/vec4 1;
    %jmp T_2;
    .thread T_2, $push;
    .scope S_000001fefce31200;
T_3 ;
    %pushi/vec4 0, 0, 32;
    %store/vec4 v000001fefcf1b900_0, 0, 32;
T_3.0 ;
    %load/vec4 v000001fefcf1b900_0;
    %cmpi/s 32, 0, 32;
    %jmp/0xz T_3.1, 5;
    %pushi/vec4 0, 0, 32;
    %ix/getv/s 4, v000001fefcf1b900_0;
    %store/vec4a v000001fefcf1d870, 4, 0;
    %load/vec4 v000001fefcf1b900_0;
    %addi 1, 0, 32;
    %store/vec4 v000001fefcf1b900_0, 0, 32;
    %jmp T_3.0;
T_3.1 ;
    %pushi/vec4 0, 0, 32;
    %store/vec4 v000001fefcf1bcc0_0, 0, 32;
    %pushi/vec4 0, 0, 32;
    %store/vec4 v000001fefcf1afa0_0, 0, 32;
    %end;
    .thread T_3;
    .scope S_000001fefce31200;
T_4 ;
    %wait E_000001fefce9ddc0;
    %load/vec4 v000001fefcf1d0f0_0;
    %flag_set/vec4 11;
    %flag_get/vec4 11;
    %jmp/0 T_4.4, 11;
    %load/vec4 v000001fefcf1cd30_0;
    %pad/u 32;
    %pushi/vec4 0, 0, 32;
    %cmp/ne;
    %flag_get/vec4 4;
    %and;
T_4.4;
    %flag_set/vec4 10;
    %flag_get/vec4 10;
    %jmp/0 T_4.3, 10;
    %load/vec4 v000001fefcf1cd30_0;
    %pushi/vec4 30, 0, 5;
    %cmp/ne;
    %flag_get/vec4 4;
    %and;
T_4.3;
    %flag_set/vec4 9;
    %flag_get/vec4 9;
    %jmp/0 T_4.2, 9;
    %load/vec4 v000001fefcf1cd30_0;
    %pushi/vec4 31, 0, 5;
    %cmp/ne;
    %flag_get/vec4 4;
    %and;
T_4.2;
    %flag_set/vec4 8;
    %jmp/0xz  T_4.0, 8;
    %load/vec4 v000001fefcf1d910_0;
    %load/vec4 v000001fefcf1cd30_0;
    %pad/u 7;
    %ix/vec4 3;
    %ix/load 4, 0, 0; Constant delay
    %assign/vec4/a/d v000001fefcf1d870, 0, 4;
T_4.0 ;
    %load/vec4 v000001fefcf1ac80_0;
    %flag_set/vec4 8;
    %jmp/0xz  T_4.5, 8;
    %load/vec4 v000001fefcf1b680_0;
    %assign/vec4 v000001fefcf1bcc0_0, 0;
T_4.5 ;
    %load/vec4 v000001fefcf1a1e0_0;
    %flag_set/vec4 8;
    %jmp/0xz  T_4.7, 8;
    %load/vec4 v000001fefcf1be00_0;
    %assign/vec4 v000001fefcf1afa0_0, 0;
T_4.7 ;
    %pushi/vec4 0, 0, 32;
    %ix/load 3, 0, 0;
    %flag_set/imm 4, 0;
    %ix/load 4, 0, 0; Constant delay
    %assign/vec4/a/d v000001fefcf1d870, 0, 4;
    %jmp T_4;
    .thread T_4;
    .scope S_000001fefce17ef0;
T_5 ;
    %pushi/vec4 0, 0, 32;
    %store/vec4 v000001fefcf1a460_0, 0, 32;
T_5.0 ;
    %load/vec4 v000001fefcf1a460_0;
    %cmpi/s 32, 0, 32;
    %jmp/0xz T_5.1, 5;
    %pushi/vec4 0, 0, 32;
    %ix/getv/s 4, v000001fefcf1a460_0;
    %store/vec4a v000001fefcf1a6e0, 4, 0;
    %load/vec4 v000001fefcf1a460_0;
    %addi 1, 0, 32;
    %store/vec4 v000001fefcf1a460_0, 0, 32;
    %jmp T_5.0;
T_5.1 ;
    %end;
    .thread T_5;
    .scope S_000001fefce17ef0;
T_6 ;
    %wait E_000001fefce9ddc0;
    %load/vec4 v000001fefcf1aaa0_0;
    %flag_set/vec4 8;
    %jmp/0xz  T_6.0, 8;
    %load/vec4 v000001fefcf1a780_0;
    %load/vec4 v000001fefcf1abe0_0;
    %pad/u 7;
    %ix/vec4 3;
    %ix/load 4, 0, 0; Constant delay
    %assign/vec4/a/d v000001fefcf1a6e0, 0, 4;
T_6.0 ;
    %jmp T_6;
    .thread T_6;
    .scope S_000001fefcebcd40;
T_7 ;
    %wait E_000001fefce9e300;
    %load/vec4 v000001fefce95c40_0;
    %flag_set/vec4 8;
    %jmp/0xz  T_7.0, 8;
    %load/vec4 v000001fefce97180_0;
    %dup/vec4;
    %pushi/vec4 0, 0, 6;
    %cmp/u;
    %jmp/1 T_7.2, 6;
    %dup/vec4;
    %pushi/vec4 1, 0, 6;
    %cmp/u;
    %jmp/1 T_7.3, 6;
    %dup/vec4;
    %pushi/vec4 2, 0, 6;
    %cmp/u;
    %jmp/1 T_7.4, 6;
    %dup/vec4;
    %pushi/vec4 4, 0, 6;
    %cmp/u;
    %jmp/1 T_7.5, 6;
    %dup/vec4;
    %pushi/vec4 6, 0, 6;
    %cmp/u;
    %jmp/1 T_7.6, 6;
    %pushi/vec4 0, 0, 4;
    %store/vec4 v000001fefce95ba0_0, 0, 4;
    %jmp T_7.8;
T_7.2 ;
    %pushi/vec4 13, 0, 4;
    %store/vec4 v000001fefce95ba0_0, 0, 4;
    %jmp T_7.8;
T_7.3 ;
    %pushi/vec4 13, 0, 4;
    %store/vec4 v000001fefce95ba0_0, 0, 4;
    %jmp T_7.8;
T_7.4 ;
    %pushi/vec4 12, 0, 4;
    %store/vec4 v000001fefce95ba0_0, 0, 4;
    %jmp T_7.8;
T_7.5 ;
    %pushi/vec4 14, 0, 4;
    %store/vec4 v000001fefce95ba0_0, 0, 4;
    %jmp T_7.8;
T_7.6 ;
    %pushi/vec4 15, 0, 4;
    %store/vec4 v000001fefce95ba0_0, 0, 4;
    %jmp T_7.8;
T_7.8 ;
    %pop/vec4 1;
    %jmp T_7.1;
T_7.0 ;
    %load/vec4 v000001fefce96d20_0;
    %dup/vec4;
    %pushi/vec4 0, 0, 2;
    %cmp/u;
    %jmp/1 T_7.9, 6;
    %dup/vec4;
    %pushi/vec4 1, 0, 2;
    %cmp/u;
    %jmp/1 T_7.10, 6;
    %dup/vec4;
    %pushi/vec4 2, 0, 2;
    %cmp/u;
    %jmp/1 T_7.11, 6;
    %dup/vec4;
    %pushi/vec4 3, 0, 2;
    %cmp/u;
    %jmp/1 T_7.12, 6;
    %pushi/vec4 0, 0, 4;
    %store/vec4 v000001fefce95ba0_0, 0, 4;
    %jmp T_7.14;
T_7.9 ;
    %pushi/vec4 2, 0, 4;
    %store/vec4 v000001fefce95ba0_0, 0, 4;
    %jmp T_7.14;
T_7.10 ;
    %pushi/vec4 4, 0, 4;
    %store/vec4 v000001fefce95ba0_0, 0, 4;
    %jmp T_7.14;
T_7.11 ;
    %load/vec4 v000001fefce97180_0;
    %dup/vec4;
    %pushi/vec4 32, 0, 6;
    %cmp/u;
    %jmp/1 T_7.15, 6;
    %dup/vec4;
    %pushi/vec4 33, 0, 6;
    %cmp/u;
    %jmp/1 T_7.16, 6;
    %dup/vec4;
    %pushi/vec4 34, 0, 6;
    %cmp/u;
    %jmp/1 T_7.17, 6;
    %dup/vec4;
    %pushi/vec4 35, 0, 6;
    %cmp/u;
    %jmp/1 T_7.18, 6;
    %dup/vec4;
    %pushi/vec4 36, 0, 6;
    %cmp/u;
    %jmp/1 T_7.19, 6;
    %dup/vec4;
    %pushi/vec4 37, 0, 6;
    %cmp/u;
    %jmp/1 T_7.20, 6;
    %dup/vec4;
    %pushi/vec4 38, 0, 6;
    %cmp/u;
    %jmp/1 T_7.21, 6;
    %dup/vec4;
    %pushi/vec4 39, 0, 6;
    %cmp/u;
    %jmp/1 T_7.22, 6;
    %dup/vec4;
    %pushi/vec4 0, 0, 6;
    %cmp/u;
    %jmp/1 T_7.23, 6;
    %dup/vec4;
    %pushi/vec4 2, 0, 6;
    %cmp/u;
    %jmp/1 T_7.24, 6;
    %dup/vec4;
    %pushi/vec4 3, 0, 6;
    %cmp/u;
    %jmp/1 T_7.25, 6;
    %dup/vec4;
    %pushi/vec4 24, 0, 6;
    %cmp/u;
    %jmp/1 T_7.26, 6;
    %dup/vec4;
    %pushi/vec4 4, 0, 6;
    %cmp/u;
    %jmp/1 T_7.27, 6;
    %dup/vec4;
    %pushi/vec4 5, 0, 6;
    %cmp/u;
    %jmp/1 T_7.28, 6;
    %dup/vec4;
    %pushi/vec4 42, 0, 6;
    %cmp/u;
    %jmp/1 T_7.29, 6;
    %dup/vec4;
    %pushi/vec4 43, 0, 6;
    %cmp/u;
    %jmp/1 T_7.30, 6;
    %pushi/vec4 0, 0, 4;
    %store/vec4 v000001fefce95ba0_0, 0, 4;
    %jmp T_7.32;
T_7.15 ;
    %pushi/vec4 2, 0, 4;
    %store/vec4 v000001fefce95ba0_0, 0, 4;
    %jmp T_7.32;
T_7.16 ;
    %pushi/vec4 3, 0, 4;
    %store/vec4 v000001fefce95ba0_0, 0, 4;
    %jmp T_7.32;
T_7.17 ;
    %pushi/vec4 4, 0, 4;
    %store/vec4 v000001fefce95ba0_0, 0, 4;
    %jmp T_7.32;
T_7.18 ;
    %pushi/vec4 5, 0, 4;
    %store/vec4 v000001fefce95ba0_0, 0, 4;
    %jmp T_7.32;
T_7.19 ;
    %pushi/vec4 0, 0, 4;
    %store/vec4 v000001fefce95ba0_0, 0, 4;
    %jmp T_7.32;
T_7.20 ;
    %pushi/vec4 1, 0, 4;
    %store/vec4 v000001fefce95ba0_0, 0, 4;
    %jmp T_7.32;
T_7.21 ;
    %pushi/vec4 6, 0, 4;
    %store/vec4 v000001fefce95ba0_0, 0, 4;
    %jmp T_7.32;
T_7.22 ;
    %pushi/vec4 7, 0, 4;
    %store/vec4 v000001fefce95ba0_0, 0, 4;
    %jmp T_7.32;
T_7.23 ;
    %pushi/vec4 8, 0, 4;
    %store/vec4 v000001fefce95ba0_0, 0, 4;
    %jmp T_7.32;
T_7.24 ;
    %pushi/vec4 9, 0, 4;
    %store/vec4 v000001fefce95ba0_0, 0, 4;
    %jmp T_7.32;
T_7.25 ;
    %pushi/vec4 10, 0, 4;
    %store/vec4 v000001fefce95ba0_0, 0, 4;
    %jmp T_7.32;
T_7.26 ;
    %pushi/vec4 11, 0, 4;
    %store/vec4 v000001fefce95ba0_0, 0, 4;
    %jmp T_7.32;
T_7.27 ;
    %pushi/vec4 12, 0, 4;
    %store/vec4 v000001fefce95ba0_0, 0, 4;
    %jmp T_7.32;
T_7.28 ;
    %pushi/vec4 13, 0, 4;
    %store/vec4 v000001fefce95ba0_0, 0, 4;
    %jmp T_7.32;
T_7.29 ;
    %pushi/vec4 14, 0, 4;
    %store/vec4 v000001fefce95ba0_0, 0, 4;
    %jmp T_7.32;
T_7.30 ;
    %pushi/vec4 15, 0, 4;
    %store/vec4 v000001fefce95ba0_0, 0, 4;
    %jmp T_7.32;
T_7.32 ;
    %pop/vec4 1;
    %jmp T_7.14;
T_7.12 ;
    %load/vec4 v000001fefce97180_0;
    %parti/s 3, 3, 3;
    %dup/vec4;
    %pushi/vec4 4, 0, 3;
    %cmp/u;
    %jmp/1 T_7.33, 6;
    %dup/vec4;
    %pushi/vec4 5, 0, 3;
    %cmp/u;
    %jmp/1 T_7.34, 6;
    %dup/vec4;
    %pushi/vec4 6, 0, 3;
    %cmp/u;
    %jmp/1 T_7.35, 6;
    %pushi/vec4 2, 0, 4;
    %store/vec4 v000001fefce95ba0_0, 0, 4;
    %jmp T_7.37;
T_7.33 ;
    %pushi/vec4 0, 0, 4;
    %store/vec4 v000001fefce95ba0_0, 0, 4;
    %jmp T_7.37;
T_7.34 ;
    %pushi/vec4 1, 0, 4;
    %store/vec4 v000001fefce95ba0_0, 0, 4;
    %jmp T_7.37;
T_7.35 ;
    %pushi/vec4 6, 0, 4;
    %store/vec4 v000001fefce95ba0_0, 0, 4;
    %jmp T_7.37;
T_7.37 ;
    %pop/vec4 1;
    %jmp T_7.14;
T_7.14 ;
    %pop/vec4 1;
T_7.1 ;
    %jmp T_7;
    .thread T_7, $push;
    .scope S_000001fefce37790;
T_8 ;
    %wait E_000001fefce9d880;
    %load/vec4 v000001fefce960a0_0;
    %parti/s 2, 2, 3;
    %cmpi/e 3, 0, 2;
    %jmp/0xz  T_8.0, 4;
    %load/vec4 v000001fefcece690_0;
    %parti/s 1, 31, 6;
    %store/vec4 v000001fefcece7d0_0, 0, 1;
    %load/vec4 v000001fefcecd5b0_0;
    %parti/s 1, 31, 6;
    %store/vec4 v000001fefcece4b0_0, 0, 1;
    %load/vec4 v000001fefcece690_0;
    %parti/s 8, 23, 6;
    %store/vec4 v000001fefce96320_0, 0, 8;
    %load/vec4 v000001fefcecd5b0_0;
    %parti/s 8, 23, 6;
    %store/vec4 v000001fefce96640_0, 0, 8;
    %pushi/vec4 1, 0, 1;
    %load/vec4 v000001fefcece690_0;
    %parti/s 23, 0, 2;
    %concat/vec4; draw_concat_vec4
    %store/vec4 v000001fefcecd970_0, 0, 24;
    %pushi/vec4 1, 0, 1;
    %load/vec4 v000001fefcecd5b0_0;
    %parti/s 23, 0, 2;
    %concat/vec4; draw_concat_vec4
    %store/vec4 v000001fefcece2d0_0, 0, 24;
T_8.0 ;
    %load/vec4 v000001fefce960a0_0;
    %dup/vec4;
    %pushi/vec4 0, 0, 4;
    %cmp/u;
    %jmp/1 T_8.2, 6;
    %dup/vec4;
    %pushi/vec4 1, 0, 4;
    %cmp/u;
    %jmp/1 T_8.3, 6;
    %dup/vec4;
    %pushi/vec4 2, 0, 4;
    %cmp/u;
    %jmp/1 T_8.4, 6;
    %dup/vec4;
    %pushi/vec4 3, 0, 4;
    %cmp/u;
    %jmp/1 T_8.5, 6;
    %dup/vec4;
    %pushi/vec4 4, 0, 4;
    %cmp/u;
    %jmp/1 T_8.6, 6;
    %dup/vec4;
    %pushi/vec4 5, 0, 4;
    %cmp/u;
    %jmp/1 T_8.7, 6;
    %dup/vec4;
    %pushi/vec4 6, 0, 4;
    %cmp/u;
    %jmp/1 T_8.8, 6;
    %dup/vec4;
    %pushi/vec4 7, 0, 4;
    %cmp/u;
    %jmp/1 T_8.9, 6;
    %dup/vec4;
    %pushi/vec4 8, 0, 4;
    %cmp/u;
    %jmp/1 T_8.10, 6;
    %dup/vec4;
    %pushi/vec4 9, 0, 4;
    %cmp/u;
    %jmp/1 T_8.11, 6;
    %dup/vec4;
    %pushi/vec4 10, 0, 4;
    %cmp/u;
    %jmp/1 T_8.12, 6;
    %dup/vec4;
    %pushi/vec4 11, 0, 4;
    %cmp/u;
    %jmp/1 T_8.13, 6;
    %dup/vec4;
    %pushi/vec4 14, 0, 4;
    %cmp/u;
    %jmp/1 T_8.14, 6;
    %dup/vec4;
    %pushi/vec4 15, 0, 4;
    %cmp/u;
    %jmp/1 T_8.15, 6;
    %dup/vec4;
    %pushi/vec4 12, 0, 4;
    %cmp/u;
    %jmp/1 T_8.16, 6;
    %dup/vec4;
    %pushi/vec4 13, 0, 4;
    %cmp/u;
    %jmp/1 T_8.17, 6;
    %dup/vec4;
    %pushi/vec4 14, 0, 4;
    %cmp/u;
    %jmp/1 T_8.18, 6;
    %dup/vec4;
    %pushi/vec4 15, 0, 4;
    %cmp/u;
    %jmp/1 T_8.19, 6;
    %pushi/vec4 0, 0, 32;
    %store/vec4 v000001fefcece410_0, 0, 32;
    %jmp T_8.21;
T_8.2 ;
    %load/vec4 v000001fefcece690_0;
    %load/vec4 v000001fefcecd5b0_0;
    %and;
    %store/vec4 v000001fefcece410_0, 0, 32;
    %jmp T_8.21;
T_8.3 ;
    %load/vec4 v000001fefcece690_0;
    %load/vec4 v000001fefcecd5b0_0;
    %or;
    %store/vec4 v000001fefcece410_0, 0, 32;
    %jmp T_8.21;
T_8.4 ;
    %load/vec4 v000001fefcece690_0;
    %load/vec4 v000001fefcecd5b0_0;
    %add;
    %store/vec4 v000001fefcece410_0, 0, 32;
    %jmp T_8.21;
T_8.5 ;
    %load/vec4 v000001fefcece690_0;
    %load/vec4 v000001fefcecd5b0_0;
    %add;
    %store/vec4 v000001fefcece410_0, 0, 32;
    %jmp T_8.21;
T_8.6 ;
    %load/vec4 v000001fefcece690_0;
    %load/vec4 v000001fefcecd5b0_0;
    %sub;
    %store/vec4 v000001fefcece410_0, 0, 32;
    %jmp T_8.21;
T_8.7 ;
    %load/vec4 v000001fefcece690_0;
    %load/vec4 v000001fefcecd5b0_0;
    %sub;
    %store/vec4 v000001fefcece410_0, 0, 32;
    %jmp T_8.21;
T_8.8 ;
    %load/vec4 v000001fefcece690_0;
    %load/vec4 v000001fefcecd5b0_0;
    %xor;
    %store/vec4 v000001fefcece410_0, 0, 32;
    %jmp T_8.21;
T_8.9 ;
    %load/vec4 v000001fefcece690_0;
    %load/vec4 v000001fefcecd5b0_0;
    %or;
    %inv;
    %store/vec4 v000001fefcece410_0, 0, 32;
    %jmp T_8.21;
T_8.10 ;
    %load/vec4 v000001fefcece690_0;
    %ix/getv 4, v000001fefcecd510_0;
    %shiftl 4;
    %store/vec4 v000001fefcece410_0, 0, 32;
    %jmp T_8.21;
T_8.11 ;
    %load/vec4 v000001fefcece690_0;
    %ix/getv 4, v000001fefcecd510_0;
    %shiftr 4;
    %store/vec4 v000001fefcece410_0, 0, 32;
    %jmp T_8.21;
T_8.12 ;
    %load/vec4 v000001fefcece690_0;
    %ix/getv 4, v000001fefcecd510_0;
    %shiftr/s 4;
    %store/vec4 v000001fefcece410_0, 0, 32;
    %jmp T_8.21;
T_8.13 ;
    %load/vec4 v000001fefcece690_0;
    %pad/u 64;
    %load/vec4 v000001fefcecd5b0_0;
    %pad/u 64;
    %mul;
    %split/vec4 32;
    %store/vec4 v000001fefceced70_0, 0, 32;
    %store/vec4 v000001fefce96aa0_0, 0, 32;
    %load/vec4 v000001fefceced70_0;
    %store/vec4 v000001fefcece410_0, 0, 32;
    %jmp T_8.21;
T_8.14 ;
    %load/vec4 v000001fefcece690_0;
    %pad/u 64;
    %load/vec4 v000001fefcecd5b0_0;
    %pad/u 64;
    %mul;
    %load/vec4 v000001fefce96aa0_0;
    %load/vec4 v000001fefceced70_0;
    %concat/vec4; draw_concat_vec4
    %add;
    %split/vec4 32;
    %store/vec4 v000001fefceced70_0, 0, 32;
    %store/vec4 v000001fefce96aa0_0, 0, 32;
    %load/vec4 v000001fefceced70_0;
    %store/vec4 v000001fefcece410_0, 0, 32;
    %jmp T_8.21;
T_8.15 ;
    %load/vec4 v000001fefcece690_0;
    %pad/u 64;
    %load/vec4 v000001fefcecd5b0_0;
    %pad/u 64;
    %mul;
    %load/vec4 v000001fefce96aa0_0;
    %load/vec4 v000001fefceced70_0;
    %concat/vec4; draw_concat_vec4
    %add;
    %split/vec4 32;
    %store/vec4 v000001fefceced70_0, 0, 32;
    %store/vec4 v000001fefce96aa0_0, 0, 32;
    %load/vec4 v000001fefceced70_0;
    %store/vec4 v000001fefcece410_0, 0, 32;
    %jmp T_8.21;
T_8.16 ;
    %load/vec4 v000001fefcece7d0_0;
    %load/vec4 v000001fefcece4b0_0;
    %xor;
    %store/vec4 v000001fefcecd830_0, 0, 1;
    %load/vec4 v000001fefce96320_0;
    %load/vec4 v000001fefce96640_0;
    %add;
    %subi 127, 0, 8;
    %store/vec4 v000001fefce96820_0, 0, 8;
    %load/vec4 v000001fefcecd970_0;
    %pad/u 48;
    %load/vec4 v000001fefcece2d0_0;
    %pad/u 48;
    %mul;
    %store/vec4 v000001fefcecdfb0_0, 0, 48;
    %load/vec4 v000001fefcecdfb0_0;
    %parti/s 1, 47, 7;
    %flag_set/vec4 8;
    %jmp/0xz  T_8.22, 8;
    %load/vec4 v000001fefcecdfb0_0;
    %ix/load 4, 1, 0;
    %flag_set/imm 4, 0;
    %shiftr 4;
    %store/vec4 v000001fefcecdfb0_0, 0, 48;
    %load/vec4 v000001fefce96820_0;
    %addi 1, 0, 8;
    %store/vec4 v000001fefce96820_0, 0, 8;
T_8.22 ;
    %load/vec4 v000001fefcecd830_0;
    %load/vec4 v000001fefce96820_0;
    %concat/vec4; draw_concat_vec4
    %load/vec4 v000001fefcecdfb0_0;
    %parti/s 23, 24, 6;
    %concat/vec4; draw_concat_vec4
    %store/vec4 v000001fefcece410_0, 0, 32;
    %jmp T_8.21;
T_8.17 ;
    %load/vec4 v000001fefce96640_0;
    %load/vec4 v000001fefce96320_0;
    %cmp/u;
    %jmp/0xz  T_8.24, 5;
    %load/vec4 v000001fefce96320_0;
    %load/vec4 v000001fefce96640_0;
    %sub;
    %store/vec4 v000001fefce96780_0, 0, 8;
    %load/vec4 v000001fefcece2d0_0;
    %ix/getv 4, v000001fefce96780_0;
    %shiftr 4;
    %store/vec4 v000001fefcece2d0_0, 0, 24;
    %load/vec4 v000001fefce96320_0;
    %store/vec4 v000001fefce96820_0, 0, 8;
    %load/vec4 v000001fefcece7d0_0;
    %store/vec4 v000001fefcecd830_0, 0, 1;
    %jmp T_8.25;
T_8.24 ;
    %load/vec4 v000001fefce96640_0;
    %load/vec4 v000001fefce96320_0;
    %sub;
    %store/vec4 v000001fefce96780_0, 0, 8;
    %load/vec4 v000001fefcecd970_0;
    %ix/getv 4, v000001fefce96780_0;
    %shiftr 4;
    %store/vec4 v000001fefcecd970_0, 0, 24;
    %load/vec4 v000001fefce96640_0;
    %store/vec4 v000001fefce96820_0, 0, 8;
    %load/vec4 v000001fefcece4b0_0;
    %store/vec4 v000001fefcecd830_0, 0, 1;
T_8.25 ;
    %load/vec4 v000001fefcece7d0_0;
    %load/vec4 v000001fefcece4b0_0;
    %cmp/e;
    %jmp/0xz  T_8.26, 4;
    %load/vec4 v000001fefcecd970_0;
    %pad/u 25;
    %load/vec4 v000001fefcece2d0_0;
    %pad/u 25;
    %add;
    %store/vec4 v000001fefcece370_0, 0, 25;
    %jmp T_8.27;
T_8.26 ;
    %load/vec4 v000001fefcece2d0_0;
    %load/vec4 v000001fefcecd970_0;
    %cmp/u;
    %flag_or 5, 4;
    %jmp/0xz  T_8.28, 5;
    %load/vec4 v000001fefcecd970_0;
    %pad/u 25;
    %load/vec4 v000001fefcece2d0_0;
    %pad/u 25;
    %sub;
    %store/vec4 v000001fefcece370_0, 0, 25;
    %load/vec4 v000001fefcece7d0_0;
    %store/vec4 v000001fefcecd830_0, 0, 1;
    %jmp T_8.29;
T_8.28 ;
    %load/vec4 v000001fefcece2d0_0;
    %pad/u 25;
    %load/vec4 v000001fefcecd970_0;
    %pad/u 25;
    %sub;
    %store/vec4 v000001fefcece370_0, 0, 25;
    %load/vec4 v000001fefcece4b0_0;
    %store/vec4 v000001fefcecd830_0, 0, 1;
T_8.29 ;
T_8.27 ;
    %load/vec4 v000001fefcece370_0;
    %parti/s 1, 24, 6;
    %flag_set/vec4 8;
    %jmp/0xz  T_8.30, 8;
    %load/vec4 v000001fefcece370_0;
    %ix/load 4, 1, 0;
    %flag_set/imm 4, 0;
    %shiftr 4;
    %store/vec4 v000001fefcece370_0, 0, 25;
    %load/vec4 v000001fefce96820_0;
    %addi 1, 0, 8;
    %store/vec4 v000001fefce96820_0, 0, 8;
    %jmp T_8.31;
T_8.30 ;
T_8.32 ;
    %load/vec4 v000001fefcece370_0;
    %parti/s 1, 23, 6;
    %pad/u 32;
    %cmpi/e 0, 0, 32;
    %flag_get/vec4 4;
    %jmp/0 T_8.35, 4;
    %pushi/vec4 0, 0, 32;
    %load/vec4 v000001fefce96820_0;
    %pad/u 32;
    %cmp/u;
    %flag_get/vec4 5;
    %and;
T_8.35;
    %flag_set/vec4 9;
    %flag_get/vec4 9;
    %jmp/0 T_8.34, 9;
    %load/vec4 v000001fefcece370_0;
    %pad/u 32;
    %pushi/vec4 0, 0, 32;
    %cmp/ne;
    %flag_get/vec4 4;
    %and;
T_8.34;
    %flag_set/vec4 8;
    %jmp/0xz T_8.33, 8;
    %load/vec4 v000001fefcece370_0;
    %ix/load 4, 1, 0;
    %flag_set/imm 4, 0;
    %shiftl 4;
    %store/vec4 v000001fefcece370_0, 0, 25;
    %load/vec4 v000001fefce96820_0;
    %subi 1, 0, 8;
    %store/vec4 v000001fefce96820_0, 0, 8;
    %jmp T_8.32;
T_8.33 ;
T_8.31 ;
    %load/vec4 v000001fefcecd830_0;
    %load/vec4 v000001fefce96820_0;
    %concat/vec4; draw_concat_vec4
    %load/vec4 v000001fefcece370_0;
    %parti/s 23, 0, 2;
    %concat/vec4; draw_concat_vec4
    %store/vec4 v000001fefcece410_0, 0, 32;
    %jmp T_8.21;
T_8.18 ;
    %load/vec4 v000001fefcece690_0;
    %load/vec4 v000001fefcecd5b0_0;
    %cmp/e;
    %flag_get/vec4 4;
    %store/vec4 v000001fefce968c0_0, 0, 1;
    %pushi/vec4 0, 0, 32;
    %store/vec4 v000001fefcece410_0, 0, 32;
    %jmp T_8.21;
T_8.19 ;
    %load/vec4 v000001fefcece7d0_0;
    %flag_set/vec4 9;
    %flag_get/vec4 9;
    %jmp/0 T_8.38, 9;
    %load/vec4 v000001fefcece4b0_0;
    %nor/r;
    %and;
T_8.38;
    %flag_set/vec4 8;
    %jmp/0xz  T_8.36, 8;
    %pushi/vec4 1, 0, 1;
    %store/vec4 v000001fefce968c0_0, 0, 1;
    %jmp T_8.37;
T_8.36 ;
    %load/vec4 v000001fefcece7d0_0;
    %nor/r;
    %flag_set/vec4 9;
    %flag_get/vec4 9;
    %jmp/0 T_8.41, 9;
    %load/vec4 v000001fefcece4b0_0;
    %and;
T_8.41;
    %flag_set/vec4 8;
    %jmp/0xz  T_8.39, 8;
    %pushi/vec4 0, 0, 1;
    %store/vec4 v000001fefce968c0_0, 0, 1;
    %jmp T_8.40;
T_8.39 ;
    %load/vec4 v000001fefcece7d0_0;
    %nor/r;
    %flag_set/vec4 9;
    %flag_get/vec4 9;
    %jmp/0 T_8.44, 9;
    %load/vec4 v000001fefcece4b0_0;
    %nor/r;
    %and;
T_8.44;
    %flag_set/vec4 8;
    %jmp/0xz  T_8.42, 8;
    %load/vec4 v000001fefce96320_0;
    %load/vec4 v000001fefce96640_0;
    %cmp/u;
    %flag_get/vec4 5;
    %jmp/1 T_8.45, 5;
    %load/vec4 v000001fefce96320_0;
    %load/vec4 v000001fefce96640_0;
    %cmp/e;
    %flag_get/vec4 4;
    %jmp/0 T_8.46, 4;
    %load/vec4 v000001fefcecd970_0;
    %load/vec4 v000001fefcece2d0_0;
    %cmp/u;
    %flag_get/vec4 5;
    %and;
T_8.46;
    %or;
T_8.45;
    %store/vec4 v000001fefce968c0_0, 0, 1;
    %jmp T_8.43;
T_8.42 ;
    %load/vec4 v000001fefce96640_0;
    %load/vec4 v000001fefce96320_0;
    %cmp/u;
    %flag_get/vec4 5;
    %jmp/1 T_8.47, 5;
    %load/vec4 v000001fefce96320_0;
    %load/vec4 v000001fefce96640_0;
    %cmp/e;
    %flag_get/vec4 4;
    %jmp/0 T_8.48, 4;
    %load/vec4 v000001fefcece2d0_0;
    %load/vec4 v000001fefcecd970_0;
    %cmp/u;
    %flag_get/vec4 5;
    %and;
T_8.48;
    %or;
T_8.47;
    %store/vec4 v000001fefce968c0_0, 0, 1;
T_8.43 ;
T_8.40 ;
T_8.37 ;
    %pushi/vec4 0, 0, 32;
    %store/vec4 v000001fefcece410_0, 0, 32;
    %jmp T_8.21;
T_8.21 ;
    %pop/vec4 1;
    %jmp T_8;
    .thread T_8, $push;
    .scope S_000001fefce17d60;
T_9 ;
    %pushi/vec4 0, 0, 32;
    %store/vec4 v000001fefcecd470_0, 0, 32;
T_9.0 ;
    %load/vec4 v000001fefcecd470_0;
    %cmpi/s 512, 0, 32;
    %jmp/0xz T_9.1, 5;
    %pushi/vec4 0, 0, 32;
    %ix/getv/s 4, v000001fefcecd470_0;
    %store/vec4a v000001fefceceaf0, 4, 0;
    %load/vec4 v000001fefcecd470_0;
    %addi 1, 0, 32;
    %store/vec4 v000001fefcecd470_0, 0, 32;
    %jmp T_9.0;
T_9.1 ;
    %pushi/vec4 1039921342, 0, 32;
    %ix/load 4, 0, 0;
    %flag_set/imm 4, 0;
    %store/vec4a v000001fefceceaf0, 4, 0;
    %pushi/vec4 1049360335, 0, 32;
    %ix/load 4, 1, 0;
    %flag_set/imm 4, 0;
    %store/vec4a v000001fefceceaf0, 4, 0;
    %pushi/vec4 1043333120, 0, 32;
    %ix/load 4, 2, 0;
    %flag_set/imm 4, 0;
    %store/vec4a v000001fefceceaf0, 4, 0;
    %pushi/vec4 1052022669, 0, 32;
    %ix/load 4, 3, 0;
    %flag_set/imm 4, 0;
    %store/vec4a v000001fefceceaf0, 4, 0;
    %pushi/vec4 1041361797, 0, 32;
    %ix/load 4, 4, 0;
    %flag_set/imm 4, 0;
    %store/vec4a v000001fefceceaf0, 4, 0;
    %pushi/vec4 1057727971, 0, 32;
    %ix/load 4, 5, 0;
    %flag_set/imm 4, 0;
    %store/vec4a v000001fefceceaf0, 4, 0;
    %pushi/vec4 1046155048, 0, 32;
    %ix/load 4, 6, 0;
    %flag_set/imm 4, 0;
    %store/vec4a v000001fefceceaf0, 4, 0;
    %pushi/vec4 1064891843, 0, 32;
    %ix/load 4, 7, 0;
    %flag_set/imm 4, 0;
    %store/vec4a v000001fefceceaf0, 4, 0;
    %pushi/vec4 1092616192, 0, 32;
    %ix/load 4, 100, 0;
    %flag_set/imm 4, 0;
    %store/vec4a v000001fefceceaf0, 4, 0;
    %pushi/vec4 100, 0, 32;
    %store/vec4 v000001fefcecd470_0, 0, 32;
T_9.2 ;
    %load/vec4 v000001fefcecd470_0;
    %cmpi/s 110, 0, 32;
    %jmp/0xz T_9.3, 5;
    %pushi/vec4 0, 0, 32;
    %ix/getv/s 4, v000001fefcecd470_0;
    %store/vec4a v000001fefceceaf0, 4, 0;
    %load/vec4 v000001fefcecd470_0;
    %addi 1, 0, 32;
    %store/vec4 v000001fefcecd470_0, 0, 32;
    %jmp T_9.2;
T_9.3 ;
    %pushi/vec4 200, 0, 32;
    %store/vec4 v000001fefcecd470_0, 0, 32;
T_9.4 ;
    %load/vec4 v000001fefcecd470_0;
    %cmpi/s 300, 0, 32;
    %jmp/0xz T_9.5, 5;
    %pushi/vec4 0, 0, 32;
    %ix/getv/s 4, v000001fefcecd470_0;
    %store/vec4a v000001fefceceaf0, 4, 0;
    %load/vec4 v000001fefcecd470_0;
    %addi 1, 0, 32;
    %store/vec4 v000001fefcecd470_0, 0, 32;
    %jmp T_9.4;
T_9.5 ;
    %end;
    .thread T_9;
    .scope S_000001fefce17d60;
T_10 ;
    %wait E_000001fefce9ddc0;
    %load/vec4 v000001fefcecdbf0_0;
    %flag_set/vec4 8;
    %jmp/0xz  T_10.0, 8;
    %load/vec4 v000001fefcecec30_0;
    %load/vec4 v000001fefcece910_0;
    %parti/s 10, 2, 3;
    %pad/u 11;
    %ix/vec4 3;
    %ix/load 4, 0, 0; Constant delay
    %assign/vec4/a/d v000001fefceceaf0, 0, 4;
T_10.0 ;
    %jmp T_10;
    .thread T_10;
    .scope S_000001fefcebc890;
T_11 ;
    %pushi/vec4 0, 0, 1;
    %store/vec4 v000001fefcf1f880_0, 0, 1;
T_11.0 ;
    %delay 5000, 0;
    %load/vec4 v000001fefcf1f880_0;
    %inv;
    %store/vec4 v000001fefcf1f880_0, 0, 1;
    %jmp T_11.0;
    %end;
    .thread T_11;
    .scope S_000001fefcebc890;
T_12 ;
    %pushi/vec4 1, 0, 1;
    %store/vec4 v000001fefcf1fec0_0, 0, 1;
    %pushi/vec4 1065353216, 0, 32;
    %ix/load 4, 0, 0;
    %flag_set/imm 4, 0;
    %store/vec4a v000001fefceceaf0, 4, 0;
    %pushi/vec4 1073741824, 0, 32;
    %ix/load 4, 1, 0;
    %flag_set/imm 4, 0;
    %store/vec4a v000001fefceceaf0, 4, 0;
    %pushi/vec4 1048576000, 0, 32;
    %ix/load 4, 2, 0;
    %flag_set/imm 4, 0;
    %store/vec4a v000001fefceceaf0, 4, 0;
    %pushi/vec4 1061158912, 0, 32;
    %ix/load 4, 3, 0;
    %flag_set/imm 4, 0;
    %store/vec4a v000001fefceceaf0, 4, 0;
    %pushi/vec4 1077936128, 0, 32;
    %ix/load 4, 4, 0;
    %flag_set/imm 4, 0;
    %store/vec4a v000001fefceceaf0, 4, 0;
    %delay 10000, 0;
    %pushi/vec4 0, 0, 1;
    %store/vec4 v000001fefcf1fec0_0, 0, 1;
    %delay 2000000, 0;
    %vpi_call 2 38 "$stop" {0 0 0};
    %end;
    .thread T_12;
    .scope S_000001fefcebc890;
T_13 ;
    %vpi_call 2 43 "$monitor", "Time=%0t | PC=%h | Instr=%h | $t0=%h | $t1=%h | $t3=%h | Array[0]=%h | Array[1]=%h | Array[2]=%h | Array[3]=%h | Array[4]=%h", $time, v000001fefcf1e480_0, v000001fefcf1fd80_0, &A<v000001fefcf1d870, 8>, &A<v000001fefcf1d870, 9>, &A<v000001fefcf1d870, 11>, &A<v000001fefceceaf0, 0>, &A<v000001fefceceaf0, 1>, &A<v000001fefceceaf0, 2>, &A<v000001fefceceaf0, 3>, &A<v000001fefceceaf0, 4> {0 0 0};
    %end;
    .thread T_13;
    .scope S_000001fefcebc890;
T_14 ;
    %vpi_call 2 52 "$dumpfile", "waveform.vcd" {0 0 0};
    %vpi_call 2 53 "$dumpvars", 32'sb00000000000000000000000000000000, S_000001fefcebc890 {0 0 0};
    %end;
    .thread T_14;
# The file index is used to find the file name in the following table.
:file_names 12;
    "N/A";
    "<interactive>";
    "insertion_sort_tb.v";
    "iitk_mini_mips.v";
    "alu_control.v";
    "alu.v";
    "control_unit.v";
    "data_memory.v";
    "fp_register_file.v";
    "instruction_memory.v";
    "pc_register.v";
    "register_file.v";
